Build started 3/21/2016 9:34:12 PM.
     1>Project "C:\Users\Acer\GameModMidTermProject\game.vcxproj" on node 3 (build target(s)).
     1>InitializeBuildStatus:
         Touching "C:\Users\Acer\GameModMidTermProject\Release\game.unsuccessfulbuild".
       ClCompile:
         All outputs are up-to-date.
         c:\Program Files (x86)\Microsoft Visual Studio 10.0\VC\bin\CL.exe /c /Zi /nologo /W4 /WX- /Ox /Ob1 /Oi /Oy- /D NDEBUG /D _WINDOWS /D _FINAL /D GAME_DLL /D Q4SDK /D _VC80_UPGRADE=0x0710 /D _WINDLL /D _MBCS /GF /Gm- /EHsc /MT /GS- /Gy- /fp:precise /Zc:wchar_t /Zc:forScope /GR /Yu /Fp"C:\Users\Acer\GameModMidTermProject\Release\game/game.pch" /Fo"C:\Users\Acer\GameModMidTermProject\Release\game/" /Fd"C:\Users\Acer\GameModMidTermProject\Release\gamex86.pdb" /Gd /TP /analyze- /errorReport:prompt game\weapon\WeaponRailgun.cpp
         WeaponRailgun.cpp
     1>game\weapon\WeaponRailgun.cpp(1): warning C4627: '#include "../../idlib/precompiled.h"': skipped when looking for precompiled header use
                 Add directive to 'precompiled header (.h) file' or rebuild precompiled header
     1>C:\Program Files (x86)\MSBuild\Microsoft.Cpp\v4.0\Microsoft.CppBuild.targets(990,5): warning MSB8012: TargetPath(C:\Users\Acer\GameModMidTermProject\Release\game.dll) does not match the Linker's OutputFile property value (C:\Users\Acer\GameModMidTermProject\Release\SPGamex86.dll). This may cause your project to build incorrectly. To correct this, please make sure that $(OutDir), $(TargetName) and $(TargetExt) property values match the value specified in %(Link.OutputFile).
     1>C:\Program Files (x86)\MSBuild\Microsoft.Cpp\v4.0\Microsoft.CppBuild.targets(992,5): warning MSB8012: TargetName(game) does not match the Linker's OutputFile property value (SPGamex86). This may cause your project to build incorrectly. To correct this, please make sure that $(OutDir), $(TargetName) and $(TargetExt) property values match the value specified in %(Link.OutputFile).
       Link:
         c:\Program Files (x86)\Microsoft Visual Studio 10.0\VC\bin\link.exe /ERRORREPORT:PROMPT /OUT:"C:\Users\Acer\GameModMidTermProject\Release\SPGamex86.dll" /INCREMENTAL:NO /NOLOGO C:\Users\Acer\GameModMidTermProject\Release\idLib.lib kernel32.lib user32.lib gdi32.lib winspool.lib comdlg32.lib advapi32.lib shell32.lib ole32.lib oleaut32.lib uuid.lib odbc32.lib odbccp32.lib /DEF:".\game\game.def" /MANIFEST /ManifestFile:"C:\Users\Acer\GameModMidTermProject\Release\game.dll.intermediate.manifest" /MANIFESTUAC:"level='asInvoker' uiAccess='false'" /DEBUG /PDB:"C:\Users\Acer\GameModMidTermProject\Release\gamex86.pdb" /MAP:"C:\Users\Acer\GameModMidTermProject\Release\gamex86.map" /MAPINFO:EXPORTS /STACK:"4194304" /LARGEADDRESSAWARE /OPT:REF /OPT:ICF /TLBID:1 /BASE:"0x20000000" /DYNAMICBASE:NO /MACHINE:X86 /DLL C:\Users\Acer\GameModMidTermProject\Release\game/Actor.obj
         C:\Users\Acer\GameModMidTermProject\Release\game/AF.obj
         C:\Users\Acer\GameModMidTermProject\Release\game/AFEntity.obj
         C:\Users\Acer\GameModMidTermProject\Release\game/BrittleFracture.obj
         C:\Users\Acer\GameModMidTermProject\Release\game/Camera.obj
         C:\Users\Acer\GameModMidTermProject\Release\game/ClientAFEntity.obj
         C:\Users\Acer\GameModMidTermProject\Release\game/Effect.obj
         C:\Users\Acer\GameModMidTermProject\Release\game/Entity.obj
         C:\Users\Acer\GameModMidTermProject\Release\game/FreeView.obj
         C:\Users\Acer\GameModMidTermProject\Release\game/Game_Debug.obj
         C:\Users\Acer\GameModMidTermProject\Release\game/Game_local.obj
         C:\Users\Acer\GameModMidTermProject\Release\game/Game_Log.obj
         C:\Users\Acer\GameModMidTermProject\Release\game/Game_network.obj
         C:\Users\Acer\GameModMidTermProject\Release\game/GameEdit.obj
         C:\Users\Acer\GameModMidTermProject\Release\game/Healing_Station.obj
         C:\Users\Acer\GameModMidTermProject\Release\game/Icon.obj
         C:\Users\Acer\GameModMidTermProject\Release\game/IconManager.obj
         C:\Users\Acer\GameModMidTermProject\Release\game/IK.obj
         C:\Users\Acer\GameModMidTermProject\Release\game/Instance.obj
         C:\Users\Acer\GameModMidTermProject\Release\game/Item.obj
         C:\Users\Acer\GameModMidTermProject\Release\game/Light.obj
         C:\Users\Acer\GameModMidTermProject\Release\game/LipSync.obj
         C:\Users\Acer\GameModMidTermProject\Release\game/Misc.obj
         C:\Users\Acer\GameModMidTermProject\Release\game/Moveable.obj
         C:\Users\Acer\GameModMidTermProject\Release\game/Mover.obj
         C:\Users\Acer\GameModMidTermProject\Release\game/MultiplayerGame.obj
         C:\Users\Acer\GameModMidTermProject\Release\game/Playback.obj
         C:\Users\Acer\GameModMidTermProject\Release\game/Player_Cheats.obj
         C:\Users\Acer\GameModMidTermProject\Release\game/Projectile.obj
         C:\Users\Acer\GameModMidTermProject\Release\game/Pvs.obj
         C:\Users\Acer\GameModMidTermProject\Release\game/SecurityCamera.obj
         C:\Users\Acer\GameModMidTermProject\Release\game/Sound.obj
         C:\Users\Acer\GameModMidTermProject\Release\game/SplineMover.obj
         C:\Users\Acer\GameModMidTermProject\Release\game/Target.obj
         C:\Users\Acer\GameModMidTermProject\Release\game/TramGate.obj
         C:\Users\Acer\GameModMidTermProject\Release\game/Trigger.obj
         C:\Users\Acer\GameModMidTermProject\Release\game/WorldSpawn.obj
         C:\Users\Acer\GameModMidTermProject\Release\game/AAS.obj
         C:\Users\Acer\GameModMidTermProject\Release\game/AAS_debug.obj
         C:\Users\Acer\GameModMidTermProject\Release\game/AAS_Find.obj
         C:\Users\Acer\GameModMidTermProject\Release\game/AAS_pathing.obj
         C:\Users\Acer\GameModMidTermProject\Release\game/AAS_routing.obj
         C:\Users\Acer\GameModMidTermProject\Release\game/AAS_tactical.obj
         C:\Users\Acer\GameModMidTermProject\Release\game/AI.obj
         C:\Users\Acer\GameModMidTermProject\Release\game/AI_Actions.obj
         C:\Users\Acer\GameModMidTermProject\Release\game/AI_Announcements.obj
         C:\Users\Acer\GameModMidTermProject\Release\game/AI_Debug.obj
         C:\Users\Acer\GameModMidTermProject\Release\game/AI_events.obj
         C:\Users\Acer\GameModMidTermProject\Release\game/AI_Manager.obj
         C:\Users\Acer\GameModMidTermProject\Release\game/AI_Medic.obj
         C:\Users\Acer\GameModMidTermProject\Release\game/AI_Move.obj
         C:\Users\Acer\GameModMidTermProject\Release\game/AI_pathing.obj
         C:\Users\Acer\GameModMidTermProject\Release\game/AI_States.obj
         C:\Users\Acer\GameModMidTermProject\Release\game/AI_Tactical.obj
         C:\Users\Acer\GameModMidTermProject\Release\game/AI_Util.obj
         C:\Users\Acer\GameModMidTermProject\Release\game/Monster_Berserker.obj
         C:\Users\Acer\GameModMidTermProject\Release\game/Monster_BossBuddy.obj
         C:\Users\Acer\GameModMidTermProject\Release\game/Monster_BossMakron.obj
         C:\Users\Acer\GameModMidTermProject\Release\game/Monster_ConvoyGround.obj
         C:\Users\Acer\GameModMidTermProject\Release\game/Monster_ConvoyHover.obj
         C:\Users\Acer\GameModMidTermProject\Release\game/Monster_FailedTransfer.obj
         C:\Users\Acer\GameModMidTermProject\Release\game/Monster_Fatty.obj
         C:\Users\Acer\GameModMidTermProject\Release\game/Monster_Gladiator.obj
         C:\Users\Acer\GameModMidTermProject\Release\game/Monster_Grunt.obj
         C:\Users\Acer\GameModMidTermProject\Release\game/Monster_Gunner.obj
         C:\Users\Acer\GameModMidTermProject\Release\game/Monster_Harvester.obj
         C:\Users\Acer\GameModMidTermProject\Release\game/Monster_HarvesterDispersal.obj
         C:\Users\Acer\GameModMidTermProject\Release\game/Monster_HeavyHoverTank.obj
         C:\Users\Acer\GameModMidTermProject\Release\game/Monster_IronMaiden.obj
         C:\Users\Acer\GameModMidTermProject\Release\game/Monster_LightTank.obj
         C:\Users\Acer\GameModMidTermProject\Release\game/Monster_NetworkGuardian.obj
         C:\Users\Acer\GameModMidTermProject\Release\game/Monster_RepairBot.obj
         C:\Users\Acer\GameModMidTermProject\Release\game/Monster_Scientist.obj
         C:\Users\Acer\GameModMidTermProject\Release\game/Monster_Sentry.obj
         C:\Users\Acer\GameModMidTermProject\Release\game/Monster_SlimyTransfer.obj
         C:\Users\Acer\GameModMidTermProject\Release\game/Monster_StreamProtector.obj
         C:\Users\Acer\GameModMidTermProject\Release\game/Monster_StroggFlyer.obj
         C:\Users\Acer\GameModMidTermProject\Release\game/Monster_StroggHover.obj
         C:\Users\Acer\GameModMidTermProject\Release\game/Monster_StroggMarine.obj
         C:\Users\Acer\GameModMidTermProject\Release\game/Monster_TeleportDropper.obj
         C:\Users\Acer\GameModMidTermProject\Release\game/Monster_Turret.obj
         C:\Users\Acer\GameModMidTermProject\Release\game/Monster_TurretFlying.obj
         C:\Users\Acer\GameModMidTermProject\Release\game/spawner.obj
         C:\Users\Acer\GameModMidTermProject\Release\game/VehicleAI.obj
         C:\Users\Acer\GameModMidTermProject\Release\game/Anim.obj
         C:\Users\Acer\GameModMidTermProject\Release\game/Anim_Blend.obj
         C:\Users\Acer\GameModMidTermProject\Release\game/Anim_Import.obj
         C:\Users\Acer\GameModMidTermProject\Release\game/Anim_Testmodel.obj
         C:\Users\Acer\GameModMidTermProject\Release\game/ClientEffect.obj
         C:\Users\Acer\GameModMidTermProject\Release\game/ClientEntity.obj
         C:\Users\Acer\GameModMidTermProject\Release\game/ClientModel.obj
         C:\Users\Acer\GameModMidTermProject\Release\game/ClientMoveable.obj
         C:\Users\Acer\GameModMidTermProject\Release\game/Class.obj
         C:\Users\Acer\GameModMidTermProject\Release\game/DebugGraph.obj
         C:\Users\Acer\GameModMidTermProject\Release\game/Event.obj
         C:\Users\Acer\GameModMidTermProject\Release\game/SaveGame.obj
         C:\Users\Acer\GameModMidTermProject\Release\game/State.obj
         C:\Users\Acer\GameModMidTermProject\Release\game/SysCmds.obj
         C:\Users\Acer\GameModMidTermProject\Release\game/SysCvar.obj
         C:\Users\Acer\GameModMidTermProject\Release\game/Clip.obj
         C:\Users\Acer\GameModMidTermProject\Release\game/Force.obj
         C:\Users\Acer\GameModMidTermProject\Release\game/Force_Constant.obj
         C:\Users\Acer\GameModMidTermProject\Release\game/Force_Drag.obj
         C:\Users\Acer\GameModMidTermProject\Release\game/Force_Field.obj
         C:\Users\Acer\GameModMidTermProject\Release\game/Force_Spring.obj
         C:\Users\Acer\GameModMidTermProject\Release\game/Physics.obj
         C:\Users\Acer\GameModMidTermProject\Release\game/Physics_Actor.obj
         C:\Users\Acer\GameModMidTermProject\Release\game/Physics_AF.obj
         C:\Users\Acer\GameModMidTermProject\Release\game/Physics_Base.obj
         C:\Users\Acer\GameModMidTermProject\Release\game/Physics_Monster.obj
         C:\Users\Acer\GameModMidTermProject\Release\game/Physics_Parametric.obj
         C:\Users\Acer\GameModMidTermProject\Release\game/Physics_Particle.obj
         C:\Users\Acer\GameModMidTermProject\Release\game/Physics_Player.obj
         C:\Users\Acer\GameModMidTermProject\Release\game/Physics_RigidBody.obj
         C:\Users\Acer\GameModMidTermProject\Release\game/Physics_Static.obj
         C:\Users\Acer\GameModMidTermProject\Release\game/Physics_StaticMulti.obj
         C:\Users\Acer\GameModMidTermProject\Release\game/Physics_VehicleMonster.obj
         C:\Users\Acer\GameModMidTermProject\Release\game/Push.obj
         C:\Users\Acer\GameModMidTermProject\Release\game/Player.obj
         C:\Users\Acer\GameModMidTermProject\Release\game/Player_States.obj
         C:\Users\Acer\GameModMidTermProject\Release\game/PlayerView.obj
         C:\Users\Acer\GameModMidTermProject\Release\game/Script_Compiler.obj
         C:\Users\Acer\GameModMidTermProject\Release\game/Script_Interpreter.obj
         C:\Users\Acer\GameModMidTermProject\Release\game/Script_Program.obj
         C:\Users\Acer\GameModMidTermProject\Release\game/Script_Thread.obj
         C:\Users\Acer\GameModMidTermProject\Release\game/ScriptFuncUtility.obj
         C:\Users\Acer\GameModMidTermProject\Release\game/Vehicle.obj
         C:\Users\Acer\GameModMidTermProject\Release\game/Vehicle_DropPod.obj
         C:\Users\Acer\GameModMidTermProject\Release\game/Vehicle_Walker.obj
         C:\Users\Acer\GameModMidTermProject\Release\game/VehicleAnimated.obj
         C:\Users\Acer\GameModMidTermProject\Release\game/VehicleController.obj
         C:\Users\Acer\GameModMidTermProject\Release\game/VehicleDriver.obj
         C:\Users\Acer\GameModMidTermProject\Release\game/VehicleMonster.obj
         C:\Users\Acer\GameModMidTermProject\Release\game/VehicleParts.obj
         C:\Users\Acer\GameModMidTermProject\Release\game/VehiclePosition.obj
         C:\Users\Acer\GameModMidTermProject\Release\game/VehicleRigid.obj
         C:\Users\Acer\GameModMidTermProject\Release\game/VehicleSpline.obj
         C:\Users\Acer\GameModMidTermProject\Release\game/VehicleStatic.obj
         C:\Users\Acer\GameModMidTermProject\Release\game/Weapon.obj
         C:\Users\Acer\GameModMidTermProject\Release\game/WeaponBlaster.obj
         C:\Users\Acer\GameModMidTermProject\Release\game/WeaponDarkMatterGun.obj
         C:\Users\Acer\GameModMidTermProject\Release\game/WeaponGauntlet.obj
         C:\Users\Acer\GameModMidTermProject\Release\game/WeaponGrenadeLauncher.obj
         C:\Users\Acer\GameModMidTermProject\Release\game/WeaponHyperblaster.obj
         C:\Users\Acer\GameModMidTermProject\Release\game/WeaponLightningGun.obj
         C:\Users\Acer\GameModMidTermProject\Release\game/WeaponMachinegun.obj
         C:\Users\Acer\GameModMidTermProject\Release\game/WeaponNailgun.obj
         C:\Users\Acer\GameModMidTermProject\Release\game/WeaponNapalmGun.obj
         C:\Users\Acer\GameModMidTermProject\Release\game/WeaponRailgun.obj
         C:\Users\Acer\GameModMidTermProject\Release\game/WeaponRocketLauncher.obj
         C:\Users\Acer\GameModMidTermProject\Release\game/WeaponShotgun.obj
         C:\Users\Acer\GameModMidTermProject\Release\game/Buying.obj
         C:\Users\Acer\GameModMidTermProject\Release\game/CTF.obj
         C:\Users\Acer\GameModMidTermProject\Release\game/GameState.obj
         C:\Users\Acer\GameModMidTermProject\Release\game/Tourney.obj
         C:\Users\Acer\GameModMidTermProject\Release\game/VoiceComms.obj
         C:\Users\Acer\GameModMidTermProject\Release\game/StatEvent.obj
         C:\Users\Acer\GameModMidTermProject\Release\game/StatManager.obj
         C:\Users\Acer\GameModMidTermProject\Release\game/StatWindow.obj
         C:\Users\Acer\GameModMidTermProject\Release\idlib.lib /MACHINE:I386 /fixed:no 
            Creating library C:\Users\Acer\GameModMidTermProject\Release\SPGamex86.lib and object C:\Users\Acer\GameModMidTermProject\Release\SPGamex86.exp
         game.vcxproj -> C:\Users\Acer\GameModMidTermProject\Release\game.dll
       Manifest:
         C:\Program Files (x86)\Microsoft SDKs\Windows\v7.0A\bin\mt.exe /nologo /verbose /outputresource:"C:\Users\Acer\GameModMidTermProject\Release\SPGamex86.dll;#2" /manifest C:\Users\Acer\GameModMidTermProject\Release\game.dll.intermediate.manifest
       FinalizeBuildStatus:
         Deleting file "C:\Users\Acer\GameModMidTermProject\Release\game.unsuccessfulbuild".
         Touching "C:\Users\Acer\GameModMidTermProject\Release\game.lastbuildstate".
     1>Done Building Project "C:\Users\Acer\GameModMidTermProject\game.vcxproj" (build target(s)).

Build succeeded.

Time Elapsed 00:00:01.84
