C:\Users\Acer\GameModMidTermProject\Release\cl.command.1.tlog
C:\Users\Acer\GameModMidTermProject\Release\CL.read.1.tlog
C:\Users\Acer\GameModMidTermProject\Release\CL.write.1.tlog
C:\USERS\ACER\GAMEMODMIDTERMPROJECT\RELEASE\GAME.DLL.INTERMEDIATE.MANIFEST
C:\Users\Acer\GameModMidTermProject\Release\game.vcxprojResolveAssemblyReference.cache
C:\Users\Acer\GameModMidTermProject\Release\game.write.1.tlog
C:\USERS\ACER\GAMEMODMIDTERMPROJECT\RELEASE\GAME\AAS.OBJ
C:\USERS\ACER\GAMEMODMIDTERMPROJECT\RELEASE\GAME\AAS_DEBUG.OBJ
C:\USERS\ACER\GAMEMODMIDTERMPROJECT\RELEASE\GAME\AAS_FIND.OBJ
C:\USERS\ACER\GAMEMODMIDTERMPROJECT\RELEASE\GAME\AAS_PATHING.OBJ
C:\USERS\ACER\GAMEMODMIDTERMPROJECT\RELEASE\GAME\AAS_ROUTING.OBJ
C:\USERS\ACER\GAMEMODMIDTERMPROJECT\RELEASE\GAME\AAS_TACTICAL.OBJ
C:\USERS\ACER\GAMEMODMIDTERMPROJECT\RELEASE\GAME\ACTOR.OBJ
C:\USERS\ACER\GAMEMODMIDTERMPROJECT\RELEASE\GAME\AF.OBJ
C:\USERS\ACER\GAMEMODMIDTERMPROJECT\RELEASE\GAME\AFENTITY.OBJ
C:\USERS\ACER\GAMEMODMIDTERMPROJECT\RELEASE\GAME\AI.OBJ
C:\USERS\ACER\GAMEMODMIDTERMPROJECT\RELEASE\GAME\AI_ACTIONS.OBJ
C:\USERS\ACER\GAMEMODMIDTERMPROJECT\RELEASE\GAME\AI_ANNOUNCEMENTS.OBJ
C:\USERS\ACER\GAMEMODMIDTERMPROJECT\RELEASE\GAME\AI_DEBUG.OBJ
C:\USERS\ACER\GAMEMODMIDTERMPROJECT\RELEASE\GAME\AI_EVENTS.OBJ
C:\USERS\ACER\GAMEMODMIDTERMPROJECT\RELEASE\GAME\AI_MANAGER.OBJ
C:\USERS\ACER\GAMEMODMIDTERMPROJECT\RELEASE\GAME\AI_MEDIC.OBJ
C:\USERS\ACER\GAMEMODMIDTERMPROJECT\RELEASE\GAME\AI_MOVE.OBJ
C:\USERS\ACER\GAMEMODMIDTERMPROJECT\RELEASE\GAME\AI_PATHING.OBJ
C:\USERS\ACER\GAMEMODMIDTERMPROJECT\RELEASE\GAME\AI_STATES.OBJ
C:\USERS\ACER\GAMEMODMIDTERMPROJECT\RELEASE\GAME\AI_TACTICAL.OBJ
C:\USERS\ACER\GAMEMODMIDTERMPROJECT\RELEASE\GAME\AI_UTIL.OBJ
C:\USERS\ACER\GAMEMODMIDTERMPROJECT\RELEASE\GAME\ANIM.OBJ
C:\USERS\ACER\GAMEMODMIDTERMPROJECT\RELEASE\GAME\ANIM_BLEND.OBJ
C:\USERS\ACER\GAMEMODMIDTERMPROJECT\RELEASE\GAME\ANIM_IMPORT.OBJ
C:\USERS\ACER\GAMEMODMIDTERMPROJECT\RELEASE\GAME\ANIM_TESTMODEL.OBJ
C:\USERS\ACER\GAMEMODMIDTERMPROJECT\RELEASE\GAME\BRITTLEFRACTURE.OBJ
C:\USERS\ACER\GAMEMODMIDTERMPROJECT\RELEASE\GAME\BUYING.OBJ
C:\USERS\ACER\GAMEMODMIDTERMPROJECT\RELEASE\GAME\CAMERA.OBJ
C:\USERS\ACER\GAMEMODMIDTERMPROJECT\RELEASE\GAME\CLASS.OBJ
C:\USERS\ACER\GAMEMODMIDTERMPROJECT\RELEASE\GAME\CLIENTAFENTITY.OBJ
C:\USERS\ACER\GAMEMODMIDTERMPROJECT\RELEASE\GAME\CLIENTEFFECT.OBJ
C:\USERS\ACER\GAMEMODMIDTERMPROJECT\RELEASE\GAME\CLIENTENTITY.OBJ
C:\USERS\ACER\GAMEMODMIDTERMPROJECT\RELEASE\GAME\CLIENTMODEL.OBJ
C:\USERS\ACER\GAMEMODMIDTERMPROJECT\RELEASE\GAME\CLIENTMOVEABLE.OBJ
C:\USERS\ACER\GAMEMODMIDTERMPROJECT\RELEASE\GAME\CLIP.OBJ
C:\USERS\ACER\GAMEMODMIDTERMPROJECT\RELEASE\GAME\CTF.OBJ
C:\USERS\ACER\GAMEMODMIDTERMPROJECT\RELEASE\GAME\DEBUGGRAPH.OBJ
C:\USERS\ACER\GAMEMODMIDTERMPROJECT\RELEASE\GAME\EFFECT.OBJ
C:\USERS\ACER\GAMEMODMIDTERMPROJECT\RELEASE\GAME\ENTITY.OBJ
C:\USERS\ACER\GAMEMODMIDTERMPROJECT\RELEASE\GAME\EVENT.OBJ
C:\USERS\ACER\GAMEMODMIDTERMPROJECT\RELEASE\GAME\FORCE.OBJ
C:\USERS\ACER\GAMEMODMIDTERMPROJECT\RELEASE\GAME\FORCE_CONSTANT.OBJ
C:\USERS\ACER\GAMEMODMIDTERMPROJECT\RELEASE\GAME\FORCE_DRAG.OBJ
C:\USERS\ACER\GAMEMODMIDTERMPROJECT\RELEASE\GAME\FORCE_FIELD.OBJ
C:\USERS\ACER\GAMEMODMIDTERMPROJECT\RELEASE\GAME\FORCE_SPRING.OBJ
C:\USERS\ACER\GAMEMODMIDTERMPROJECT\RELEASE\GAME\FREEVIEW.OBJ
C:\USERS\ACER\GAMEMODMIDTERMPROJECT\RELEASE\GAME\GAME.PCH
C:\USERS\ACER\GAMEMODMIDTERMPROJECT\RELEASE\GAME\GAME_DEBUG.OBJ
C:\USERS\ACER\GAMEMODMIDTERMPROJECT\RELEASE\GAME\GAME_LOCAL.OBJ
C:\USERS\ACER\GAMEMODMIDTERMPROJECT\RELEASE\GAME\GAME_LOG.OBJ
C:\USERS\ACER\GAMEMODMIDTERMPROJECT\RELEASE\GAME\GAME_NETWORK.OBJ
C:\USERS\ACER\GAMEMODMIDTERMPROJECT\RELEASE\GAME\GAMEEDIT.OBJ
C:\USERS\ACER\GAMEMODMIDTERMPROJECT\RELEASE\GAME\GAMESTATE.OBJ
C:\USERS\ACER\GAMEMODMIDTERMPROJECT\RELEASE\GAME\HEALING_STATION.OBJ
C:\USERS\ACER\GAMEMODMIDTERMPROJECT\RELEASE\GAME\ICON.OBJ
C:\USERS\ACER\GAMEMODMIDTERMPROJECT\RELEASE\GAME\ICONMANAGER.OBJ
C:\USERS\ACER\GAMEMODMIDTERMPROJECT\RELEASE\GAME\IK.OBJ
C:\USERS\ACER\GAMEMODMIDTERMPROJECT\RELEASE\GAME\INSTANCE.OBJ
C:\USERS\ACER\GAMEMODMIDTERMPROJECT\RELEASE\GAME\ITEM.OBJ
C:\USERS\ACER\GAMEMODMIDTERMPROJECT\RELEASE\GAME\LIGHT.OBJ
C:\USERS\ACER\GAMEMODMIDTERMPROJECT\RELEASE\GAME\LIPSYNC.OBJ
C:\USERS\ACER\GAMEMODMIDTERMPROJECT\RELEASE\GAME\MISC.OBJ
C:\USERS\ACER\GAMEMODMIDTERMPROJECT\RELEASE\GAME\MONSTER_BERSERKER.OBJ
C:\USERS\ACER\GAMEMODMIDTERMPROJECT\RELEASE\GAME\MONSTER_BOSSBUDDY.OBJ
C:\USERS\ACER\GAMEMODMIDTERMPROJECT\RELEASE\GAME\MONSTER_BOSSMAKRON.OBJ
C:\USERS\ACER\GAMEMODMIDTERMPROJECT\RELEASE\GAME\MONSTER_CONVOYGROUND.OBJ
C:\USERS\ACER\GAMEMODMIDTERMPROJECT\RELEASE\GAME\MONSTER_CONVOYHOVER.OBJ
C:\USERS\ACER\GAMEMODMIDTERMPROJECT\RELEASE\GAME\MONSTER_FAILEDTRANSFER.OBJ
C:\USERS\ACER\GAMEMODMIDTERMPROJECT\RELEASE\GAME\MONSTER_FATTY.OBJ
C:\USERS\ACER\GAMEMODMIDTERMPROJECT\RELEASE\GAME\MONSTER_GLADIATOR.OBJ
C:\USERS\ACER\GAMEMODMIDTERMPROJECT\RELEASE\GAME\MONSTER_GRUNT.OBJ
C:\USERS\ACER\GAMEMODMIDTERMPROJECT\RELEASE\GAME\MONSTER_GUNNER.OBJ
C:\USERS\ACER\GAMEMODMIDTERMPROJECT\RELEASE\GAME\MONSTER_HARVESTER.OBJ
C:\USERS\ACER\GAMEMODMIDTERMPROJECT\RELEASE\GAME\MONSTER_HARVESTERDISPERSAL.OBJ
C:\USERS\ACER\GAMEMODMIDTERMPROJECT\RELEASE\GAME\MONSTER_HEAVYHOVERTANK.OBJ
C:\USERS\ACER\GAMEMODMIDTERMPROJECT\RELEASE\GAME\MONSTER_IRONMAIDEN.OBJ
C:\USERS\ACER\GAMEMODMIDTERMPROJECT\RELEASE\GAME\MONSTER_LIGHTTANK.OBJ
C:\USERS\ACER\GAMEMODMIDTERMPROJECT\RELEASE\GAME\MONSTER_NETWORKGUARDIAN.OBJ
C:\USERS\ACER\GAMEMODMIDTERMPROJECT\RELEASE\GAME\MONSTER_REPAIRBOT.OBJ
C:\USERS\ACER\GAMEMODMIDTERMPROJECT\RELEASE\GAME\MONSTER_SCIENTIST.OBJ
C:\USERS\ACER\GAMEMODMIDTERMPROJECT\RELEASE\GAME\MONSTER_SENTRY.OBJ
C:\USERS\ACER\GAMEMODMIDTERMPROJECT\RELEASE\GAME\MONSTER_SLIMYTRANSFER.OBJ
C:\USERS\ACER\GAMEMODMIDTERMPROJECT\RELEASE\GAME\MONSTER_STREAMPROTECTOR.OBJ
C:\USERS\ACER\GAMEMODMIDTERMPROJECT\RELEASE\GAME\MONSTER_STROGGFLYER.OBJ
C:\USERS\ACER\GAMEMODMIDTERMPROJECT\RELEASE\GAME\MONSTER_STROGGHOVER.OBJ
C:\USERS\ACER\GAMEMODMIDTERMPROJECT\RELEASE\GAME\MONSTER_STROGGMARINE.OBJ
C:\USERS\ACER\GAMEMODMIDTERMPROJECT\RELEASE\GAME\MONSTER_TELEPORTDROPPER.OBJ
C:\USERS\ACER\GAMEMODMIDTERMPROJECT\RELEASE\GAME\MONSTER_TURRET.OBJ
C:\USERS\ACER\GAMEMODMIDTERMPROJECT\RELEASE\GAME\MONSTER_TURRETFLYING.OBJ
C:\USERS\ACER\GAMEMODMIDTERMPROJECT\RELEASE\GAME\MOVEABLE.OBJ
C:\USERS\ACER\GAMEMODMIDTERMPROJECT\RELEASE\GAME\MOVER.OBJ
C:\USERS\ACER\GAMEMODMIDTERMPROJECT\RELEASE\GAME\MULTIPLAYERGAME.OBJ
C:\USERS\ACER\GAMEMODMIDTERMPROJECT\RELEASE\GAME\PHYSICS.OBJ
C:\USERS\ACER\GAMEMODMIDTERMPROJECT\RELEASE\GAME\PHYSICS_ACTOR.OBJ
C:\USERS\ACER\GAMEMODMIDTERMPROJECT\RELEASE\GAME\PHYSICS_AF.OBJ
C:\USERS\ACER\GAMEMODMIDTERMPROJECT\RELEASE\GAME\PHYSICS_BASE.OBJ
C:\USERS\ACER\GAMEMODMIDTERMPROJECT\RELEASE\GAME\PHYSICS_MONSTER.OBJ
C:\USERS\ACER\GAMEMODMIDTERMPROJECT\RELEASE\GAME\PHYSICS_PARAMETRIC.OBJ
C:\USERS\ACER\GAMEMODMIDTERMPROJECT\RELEASE\GAME\PHYSICS_PARTICLE.OBJ
C:\USERS\ACER\GAMEMODMIDTERMPROJECT\RELEASE\GAME\PHYSICS_PLAYER.OBJ
C:\USERS\ACER\GAMEMODMIDTERMPROJECT\RELEASE\GAME\PHYSICS_RIGIDBODY.OBJ
C:\USERS\ACER\GAMEMODMIDTERMPROJECT\RELEASE\GAME\PHYSICS_STATIC.OBJ
C:\USERS\ACER\GAMEMODMIDTERMPROJECT\RELEASE\GAME\PHYSICS_STATICMULTI.OBJ
C:\USERS\ACER\GAMEMODMIDTERMPROJECT\RELEASE\GAME\PHYSICS_VEHICLEMONSTER.OBJ
C:\USERS\ACER\GAMEMODMIDTERMPROJECT\RELEASE\GAME\PLAYBACK.OBJ
C:\USERS\ACER\GAMEMODMIDTERMPROJECT\RELEASE\GAME\PLAYER.OBJ
C:\USERS\ACER\GAMEMODMIDTERMPROJECT\RELEASE\GAME\PLAYER_CHEATS.OBJ
C:\USERS\ACER\GAMEMODMIDTERMPROJECT\RELEASE\GAME\PLAYER_STATES.OBJ
C:\USERS\ACER\GAMEMODMIDTERMPROJECT\RELEASE\GAME\PLAYERVIEW.OBJ
C:\USERS\ACER\GAMEMODMIDTERMPROJECT\RELEASE\GAME\PROJECTILE.OBJ
C:\USERS\ACER\GAMEMODMIDTERMPROJECT\RELEASE\GAME\PUSH.OBJ
C:\USERS\ACER\GAMEMODMIDTERMPROJECT\RELEASE\GAME\PVS.OBJ
C:\USERS\ACER\GAMEMODMIDTERMPROJECT\RELEASE\GAME\SAVEGAME.OBJ
C:\USERS\ACER\GAMEMODMIDTERMPROJECT\RELEASE\GAME\SCRIPT_COMPILER.OBJ
C:\USERS\ACER\GAMEMODMIDTERMPROJECT\RELEASE\GAME\SCRIPT_INTERPRETER.OBJ
C:\USERS\ACER\GAMEMODMIDTERMPROJECT\RELEASE\GAME\SCRIPT_PROGRAM.OBJ
C:\USERS\ACER\GAMEMODMIDTERMPROJECT\RELEASE\GAME\SCRIPT_THREAD.OBJ
C:\USERS\ACER\GAMEMODMIDTERMPROJECT\RELEASE\GAME\SCRIPTFUNCUTILITY.OBJ
C:\USERS\ACER\GAMEMODMIDTERMPROJECT\RELEASE\GAME\SECURITYCAMERA.OBJ
C:\USERS\ACER\GAMEMODMIDTERMPROJECT\RELEASE\GAME\SOUND.OBJ
C:\USERS\ACER\GAMEMODMIDTERMPROJECT\RELEASE\GAME\SPAWNER.OBJ
C:\USERS\ACER\GAMEMODMIDTERMPROJECT\RELEASE\GAME\SPLINEMOVER.OBJ
C:\USERS\ACER\GAMEMODMIDTERMPROJECT\RELEASE\GAME\STATE.OBJ
C:\USERS\ACER\GAMEMODMIDTERMPROJECT\RELEASE\GAME\STATEVENT.OBJ
C:\USERS\ACER\GAMEMODMIDTERMPROJECT\RELEASE\GAME\STATMANAGER.OBJ
C:\USERS\ACER\GAMEMODMIDTERMPROJECT\RELEASE\GAME\STATWINDOW.OBJ
C:\USERS\ACER\GAMEMODMIDTERMPROJECT\RELEASE\GAME\SYSCMDS.OBJ
C:\USERS\ACER\GAMEMODMIDTERMPROJECT\RELEASE\GAME\SYSCVAR.OBJ
C:\USERS\ACER\GAMEMODMIDTERMPROJECT\RELEASE\GAME\TARGET.OBJ
C:\USERS\ACER\GAMEMODMIDTERMPROJECT\RELEASE\GAME\TOURNEY.OBJ
C:\USERS\ACER\GAMEMODMIDTERMPROJECT\RELEASE\GAME\TRAMGATE.OBJ
C:\USERS\ACER\GAMEMODMIDTERMPROJECT\RELEASE\GAME\TRIGGER.OBJ
C:\USERS\ACER\GAMEMODMIDTERMPROJECT\RELEASE\GAME\VEHICLE.OBJ
C:\USERS\ACER\GAMEMODMIDTERMPROJECT\RELEASE\GAME\VEHICLE_DROPPOD.OBJ
C:\USERS\ACER\GAMEMODMIDTERMPROJECT\RELEASE\GAME\VEHICLE_WALKER.OBJ
C:\USERS\ACER\GAMEMODMIDTERMPROJECT\RELEASE\GAME\VEHICLEAI.OBJ
C:\USERS\ACER\GAMEMODMIDTERMPROJECT\RELEASE\GAME\VEHICLEANIMATED.OBJ
C:\USERS\ACER\GAMEMODMIDTERMPROJECT\RELEASE\GAME\VEHICLECONTROLLER.OBJ
C:\USERS\ACER\GAMEMODMIDTERMPROJECT\RELEASE\GAME\VEHICLEDRIVER.OBJ
C:\USERS\ACER\GAMEMODMIDTERMPROJECT\RELEASE\GAME\VEHICLEMONSTER.OBJ
C:\USERS\ACER\GAMEMODMIDTERMPROJECT\RELEASE\GAME\VEHICLEPARTS.OBJ
C:\USERS\ACER\GAMEMODMIDTERMPROJECT\RELEASE\GAME\VEHICLEPOSITION.OBJ
C:\USERS\ACER\GAMEMODMIDTERMPROJECT\RELEASE\GAME\VEHICLERIGID.OBJ
C:\USERS\ACER\GAMEMODMIDTERMPROJECT\RELEASE\GAME\VEHICLESPLINE.OBJ
C:\USERS\ACER\GAMEMODMIDTERMPROJECT\RELEASE\GAME\VEHICLESTATIC.OBJ
C:\USERS\ACER\GAMEMODMIDTERMPROJECT\RELEASE\GAME\VOICECOMMS.OBJ
C:\USERS\ACER\GAMEMODMIDTERMPROJECT\RELEASE\GAME\WEAPON.OBJ
C:\USERS\ACER\GAMEMODMIDTERMPROJECT\RELEASE\GAME\WEAPONBLASTER.OBJ
C:\USERS\ACER\GAMEMODMIDTERMPROJECT\RELEASE\GAME\WEAPONDARKMATTERGUN.OBJ
C:\USERS\ACER\GAMEMODMIDTERMPROJECT\RELEASE\GAME\WEAPONGAUNTLET.OBJ
C:\USERS\ACER\GAMEMODMIDTERMPROJECT\RELEASE\GAME\WEAPONGRENADELAUNCHER.OBJ
C:\USERS\ACER\GAMEMODMIDTERMPROJECT\RELEASE\GAME\WEAPONHYPERBLASTER.OBJ
C:\USERS\ACER\GAMEMODMIDTERMPROJECT\RELEASE\GAME\WEAPONLIGHTNINGGUN.OBJ
C:\USERS\ACER\GAMEMODMIDTERMPROJECT\RELEASE\GAME\WEAPONMACHINEGUN.OBJ
C:\USERS\ACER\GAMEMODMIDTERMPROJECT\RELEASE\GAME\WEAPONNAILGUN.OBJ
C:\USERS\ACER\GAMEMODMIDTERMPROJECT\RELEASE\GAME\WEAPONNAPALMGUN.OBJ
C:\USERS\ACER\GAMEMODMIDTERMPROJECT\RELEASE\GAME\WEAPONRAILGUN.OBJ
C:\USERS\ACER\GAMEMODMIDTERMPROJECT\RELEASE\GAME\WEAPONROCKETLAUNCHER.OBJ
C:\USERS\ACER\GAMEMODMIDTERMPROJECT\RELEASE\GAME\WEAPONSHOTGUN.OBJ
C:\USERS\ACER\GAMEMODMIDTERMPROJECT\RELEASE\GAME\WORLDSPAWN.OBJ
C:\USERS\ACER\GAMEMODMIDTERMPROJECT\RELEASE\GAMEX86.MAP
C:\USERS\ACER\GAMEMODMIDTERMPROJECT\RELEASE\GAMEX86.PDB
C:\USERS\ACER\GAMEMODMIDTERMPROJECT\RELEASE\IDLIB.LIB
C:\USERS\ACER\GAMEMODMIDTERMPROJECT\RELEASE\IDLIB.PDB
C:\Users\Acer\GameModMidTermProject\Release\idlib.vcxprojResolveAssemblyReference.cache
C:\Users\Acer\GameModMidTermProject\Release\idlib.write.1.tlog
C:\USERS\ACER\GAMEMODMIDTERMPROJECT\RELEASE\IDLIB\ANGLES.OBJ
C:\USERS\ACER\GAMEMODMIDTERMPROJECT\RELEASE\IDLIB\BASE64.OBJ
C:\USERS\ACER\GAMEMODMIDTERMPROJECT\RELEASE\IDLIB\BITMSG.OBJ
C:\USERS\ACER\GAMEMODMIDTERMPROJECT\RELEASE\IDLIB\BOUNDS.OBJ
C:\USERS\ACER\GAMEMODMIDTERMPROJECT\RELEASE\IDLIB\BOX.OBJ
C:\USERS\ACER\GAMEMODMIDTERMPROJECT\RELEASE\IDLIB\CMDARGS.OBJ
C:\USERS\ACER\GAMEMODMIDTERMPROJECT\RELEASE\IDLIB\COMPLEX.OBJ
C:\USERS\ACER\GAMEMODMIDTERMPROJECT\RELEASE\IDLIB\CRC16.OBJ
C:\USERS\ACER\GAMEMODMIDTERMPROJECT\RELEASE\IDLIB\CRC32.OBJ
C:\USERS\ACER\GAMEMODMIDTERMPROJECT\RELEASE\IDLIB\CRC8.OBJ
C:\USERS\ACER\GAMEMODMIDTERMPROJECT\RELEASE\IDLIB\DICT.OBJ
C:\USERS\ACER\GAMEMODMIDTERMPROJECT\RELEASE\IDLIB\FFT.OBJ
C:\USERS\ACER\GAMEMODMIDTERMPROJECT\RELEASE\IDLIB\FRUSTUM.OBJ
C:\USERS\ACER\GAMEMODMIDTERMPROJECT\RELEASE\IDLIB\HASHINDEX.OBJ
C:\USERS\ACER\GAMEMODMIDTERMPROJECT\RELEASE\IDLIB\HEAP.OBJ
C:\USERS\ACER\GAMEMODMIDTERMPROJECT\RELEASE\IDLIB\HONEYMAN.OBJ
C:\USERS\ACER\GAMEMODMIDTERMPROJECT\RELEASE\IDLIB\IDLIB.PCH
C:\USERS\ACER\GAMEMODMIDTERMPROJECT\RELEASE\IDLIB\JOINTTRANSFORM.OBJ
C:\USERS\ACER\GAMEMODMIDTERMPROJECT\RELEASE\IDLIB\LANGDICT.OBJ
C:\USERS\ACER\GAMEMODMIDTERMPROJECT\RELEASE\IDLIB\LCP.OBJ
C:\USERS\ACER\GAMEMODMIDTERMPROJECT\RELEASE\IDLIB\LEXER.OBJ
C:\USERS\ACER\GAMEMODMIDTERMPROJECT\RELEASE\IDLIB\LEXERFACTORY.OBJ
C:\USERS\ACER\GAMEMODMIDTERMPROJECT\RELEASE\IDLIB\LIB.OBJ
C:\USERS\ACER\GAMEMODMIDTERMPROJECT\RELEASE\IDLIB\MAPFILE.OBJ
C:\USERS\ACER\GAMEMODMIDTERMPROJECT\RELEASE\IDLIB\MATH.OBJ
C:\USERS\ACER\GAMEMODMIDTERMPROJECT\RELEASE\IDLIB\MATRIX.OBJ
C:\USERS\ACER\GAMEMODMIDTERMPROJECT\RELEASE\IDLIB\MD4.OBJ
C:\USERS\ACER\GAMEMODMIDTERMPROJECT\RELEASE\IDLIB\MD5.OBJ
C:\USERS\ACER\GAMEMODMIDTERMPROJECT\RELEASE\IDLIB\ODE.OBJ
C:\USERS\ACER\GAMEMODMIDTERMPROJECT\RELEASE\IDLIB\PARSER.OBJ
C:\USERS\ACER\GAMEMODMIDTERMPROJECT\RELEASE\IDLIB\PLANE.OBJ
C:\USERS\ACER\GAMEMODMIDTERMPROJECT\RELEASE\IDLIB\PLUECKER.OBJ
C:\USERS\ACER\GAMEMODMIDTERMPROJECT\RELEASE\IDLIB\POLYNOMIAL.OBJ
C:\USERS\ACER\GAMEMODMIDTERMPROJECT\RELEASE\IDLIB\QUAT.OBJ
C:\USERS\ACER\GAMEMODMIDTERMPROJECT\RELEASE\IDLIB\RADIANS.OBJ
C:\USERS\ACER\GAMEMODMIDTERMPROJECT\RELEASE\IDLIB\ROTATION.OBJ
C:\USERS\ACER\GAMEMODMIDTERMPROJECT\RELEASE\IDLIB\RVHEAP.OBJ
C:\USERS\ACER\GAMEMODMIDTERMPROJECT\RELEASE\IDLIB\RVHEAPARENA.OBJ
C:\USERS\ACER\GAMEMODMIDTERMPROJECT\RELEASE\IDLIB\RVMEMSYS.OBJ
C:\USERS\ACER\GAMEMODMIDTERMPROJECT\RELEASE\IDLIB\SIMD.OBJ
C:\USERS\ACER\GAMEMODMIDTERMPROJECT\RELEASE\IDLIB\SIMD_3DNOW.OBJ
C:\USERS\ACER\GAMEMODMIDTERMPROJECT\RELEASE\IDLIB\SIMD_GENERIC.OBJ
C:\USERS\ACER\GAMEMODMIDTERMPROJECT\RELEASE\IDLIB\SIMD_MMX.OBJ
C:\USERS\ACER\GAMEMODMIDTERMPROJECT\RELEASE\IDLIB\SIMD_SSE.OBJ
C:\USERS\ACER\GAMEMODMIDTERMPROJECT\RELEASE\IDLIB\SIMD_SSE2.OBJ
C:\USERS\ACER\GAMEMODMIDTERMPROJECT\RELEASE\IDLIB\SIMD_SSE3.OBJ
C:\USERS\ACER\GAMEMODMIDTERMPROJECT\RELEASE\IDLIB\SPHERE.OBJ
C:\USERS\ACER\GAMEMODMIDTERMPROJECT\RELEASE\IDLIB\STR.OBJ
C:\USERS\ACER\GAMEMODMIDTERMPROJECT\RELEASE\IDLIB\SURFACE.OBJ
C:\USERS\ACER\GAMEMODMIDTERMPROJECT\RELEASE\IDLIB\SURFACE_PATCH.OBJ
C:\USERS\ACER\GAMEMODMIDTERMPROJECT\RELEASE\IDLIB\SURFACE_POLYTOPE.OBJ
C:\USERS\ACER\GAMEMODMIDTERMPROJECT\RELEASE\IDLIB\SURFACE_SWEPTSPLINE.OBJ
C:\USERS\ACER\GAMEMODMIDTERMPROJECT\RELEASE\IDLIB\TEXTCOMPILER.OBJ
C:\USERS\ACER\GAMEMODMIDTERMPROJECT\RELEASE\IDLIB\TIMER.OBJ
C:\USERS\ACER\GAMEMODMIDTERMPROJECT\RELEASE\IDLIB\TIMINGCOLLECTION.OBJ
C:\USERS\ACER\GAMEMODMIDTERMPROJECT\RELEASE\IDLIB\TOKEN.OBJ
C:\USERS\ACER\GAMEMODMIDTERMPROJECT\RELEASE\IDLIB\TRACEMODEL.OBJ
C:\USERS\ACER\GAMEMODMIDTERMPROJECT\RELEASE\IDLIB\VECTOR.OBJ
C:\USERS\ACER\GAMEMODMIDTERMPROJECT\RELEASE\IDLIB\WINDING.OBJ
C:\USERS\ACER\GAMEMODMIDTERMPROJECT\RELEASE\IDLIB\WINDING2D.OBJ
C:\Users\Acer\GameModMidTermProject\Release\lib.command.1.tlog
C:\Users\Acer\GameModMidTermProject\Release\Lib-link.read.1.tlog
C:\Users\Acer\GameModMidTermProject\Release\Lib-link.write.1.tlog
C:\Users\Acer\GameModMidTermProject\Release\link.command.1.tlog
C:\Users\Acer\GameModMidTermProject\Release\link.read.1.tlog
C:\Users\Acer\GameModMidTermProject\Release\link.write.1.tlog
C:\USERS\ACER\GAMEMODMIDTERMPROJECT\RELEASE\MPGAME.DLL
C:\USERS\ACER\GAMEMODMIDTERMPROJECT\RELEASE\MPGAME.DLL.INTERMEDIATE.MANIFEST
C:\Users\Acer\GameModMidTermProject\Release\mpgame.exp
C:\Users\Acer\GameModMidTermProject\Release\mpgame.lib
C:\Users\Acer\GameModMidTermProject\Release\mpgame.vcxprojResolveAssemblyReference.cache
C:\Users\Acer\GameModMidTermProject\Release\mpgame.write.1.tlog
C:\USERS\ACER\GAMEMODMIDTERMPROJECT\RELEASE\MPGAME\AAS.OBJ
C:\USERS\ACER\GAMEMODMIDTERMPROJECT\RELEASE\MPGAME\AAS_DEBUG.OBJ
C:\USERS\ACER\GAMEMODMIDTERMPROJECT\RELEASE\MPGAME\AAS_FIND.OBJ
C:\USERS\ACER\GAMEMODMIDTERMPROJECT\RELEASE\MPGAME\AAS_PATHING.OBJ
C:\USERS\ACER\GAMEMODMIDTERMPROJECT\RELEASE\MPGAME\AAS_ROUTING.OBJ
C:\USERS\ACER\GAMEMODMIDTERMPROJECT\RELEASE\MPGAME\AAS_TACTICAL.OBJ
C:\USERS\ACER\GAMEMODMIDTERMPROJECT\RELEASE\MPGAME\ACTOR.OBJ
C:\USERS\ACER\GAMEMODMIDTERMPROJECT\RELEASE\MPGAME\AF.OBJ
C:\USERS\ACER\GAMEMODMIDTERMPROJECT\RELEASE\MPGAME\AFENTITY.OBJ
C:\USERS\ACER\GAMEMODMIDTERMPROJECT\RELEASE\MPGAME\AI.OBJ
C:\USERS\ACER\GAMEMODMIDTERMPROJECT\RELEASE\MPGAME\AI_ACTIONS.OBJ
C:\USERS\ACER\GAMEMODMIDTERMPROJECT\RELEASE\MPGAME\AI_ANNOUNCEMENTS.OBJ
C:\USERS\ACER\GAMEMODMIDTERMPROJECT\RELEASE\MPGAME\AI_DEBUG.OBJ
C:\USERS\ACER\GAMEMODMIDTERMPROJECT\RELEASE\MPGAME\AI_EVENTS.OBJ
C:\USERS\ACER\GAMEMODMIDTERMPROJECT\RELEASE\MPGAME\AI_MANAGER.OBJ
C:\USERS\ACER\GAMEMODMIDTERMPROJECT\RELEASE\MPGAME\AI_MEDIC.OBJ
C:\USERS\ACER\GAMEMODMIDTERMPROJECT\RELEASE\MPGAME\AI_MOVE.OBJ
C:\USERS\ACER\GAMEMODMIDTERMPROJECT\RELEASE\MPGAME\AI_PATHING.OBJ
C:\USERS\ACER\GAMEMODMIDTERMPROJECT\RELEASE\MPGAME\AI_STATES.OBJ
C:\USERS\ACER\GAMEMODMIDTERMPROJECT\RELEASE\MPGAME\AI_TACTICAL.OBJ
C:\USERS\ACER\GAMEMODMIDTERMPROJECT\RELEASE\MPGAME\AI_UTIL.OBJ
C:\USERS\ACER\GAMEMODMIDTERMPROJECT\RELEASE\MPGAME\ANIM.OBJ
C:\USERS\ACER\GAMEMODMIDTERMPROJECT\RELEASE\MPGAME\ANIM_BLEND.OBJ
C:\USERS\ACER\GAMEMODMIDTERMPROJECT\RELEASE\MPGAME\ANIM_IMPORT.OBJ
C:\USERS\ACER\GAMEMODMIDTERMPROJECT\RELEASE\MPGAME\ANIM_TESTMODEL.OBJ
C:\USERS\ACER\GAMEMODMIDTERMPROJECT\RELEASE\MPGAME\BRITTLEFRACTURE.OBJ
C:\USERS\ACER\GAMEMODMIDTERMPROJECT\RELEASE\MPGAME\BUYING.OBJ
C:\USERS\ACER\GAMEMODMIDTERMPROJECT\RELEASE\MPGAME\CAMERA.OBJ
C:\USERS\ACER\GAMEMODMIDTERMPROJECT\RELEASE\MPGAME\CLASS.OBJ
C:\USERS\ACER\GAMEMODMIDTERMPROJECT\RELEASE\MPGAME\CLIENTAFENTITY.OBJ
C:\USERS\ACER\GAMEMODMIDTERMPROJECT\RELEASE\MPGAME\CLIENTEFFECT.OBJ
C:\USERS\ACER\GAMEMODMIDTERMPROJECT\RELEASE\MPGAME\CLIENTENTITY.OBJ
C:\USERS\ACER\GAMEMODMIDTERMPROJECT\RELEASE\MPGAME\CLIENTMODEL.OBJ
C:\USERS\ACER\GAMEMODMIDTERMPROJECT\RELEASE\MPGAME\CLIENTMOVEABLE.OBJ
C:\USERS\ACER\GAMEMODMIDTERMPROJECT\RELEASE\MPGAME\CLIP.OBJ
C:\USERS\ACER\GAMEMODMIDTERMPROJECT\RELEASE\MPGAME\CTF.OBJ
C:\USERS\ACER\GAMEMODMIDTERMPROJECT\RELEASE\MPGAME\DEBUGGRAPH.OBJ
C:\USERS\ACER\GAMEMODMIDTERMPROJECT\RELEASE\MPGAME\EFFECT.OBJ
C:\USERS\ACER\GAMEMODMIDTERMPROJECT\RELEASE\MPGAME\ENTITY.OBJ
C:\USERS\ACER\GAMEMODMIDTERMPROJECT\RELEASE\MPGAME\EVENT.OBJ
C:\USERS\ACER\GAMEMODMIDTERMPROJECT\RELEASE\MPGAME\FORCE.OBJ
C:\USERS\ACER\GAMEMODMIDTERMPROJECT\RELEASE\MPGAME\FORCE_CONSTANT.OBJ
C:\USERS\ACER\GAMEMODMIDTERMPROJECT\RELEASE\MPGAME\FORCE_DRAG.OBJ
C:\USERS\ACER\GAMEMODMIDTERMPROJECT\RELEASE\MPGAME\FORCE_FIELD.OBJ
C:\USERS\ACER\GAMEMODMIDTERMPROJECT\RELEASE\MPGAME\FORCE_SPRING.OBJ
C:\USERS\ACER\GAMEMODMIDTERMPROJECT\RELEASE\MPGAME\GAME_DEBUG.OBJ
C:\USERS\ACER\GAMEMODMIDTERMPROJECT\RELEASE\MPGAME\GAME_LOCAL.OBJ
C:\USERS\ACER\GAMEMODMIDTERMPROJECT\RELEASE\MPGAME\GAME_LOG.OBJ
C:\USERS\ACER\GAMEMODMIDTERMPROJECT\RELEASE\MPGAME\GAME_NETWORK.OBJ
C:\USERS\ACER\GAMEMODMIDTERMPROJECT\RELEASE\MPGAME\GAMEEDIT.OBJ
C:\USERS\ACER\GAMEMODMIDTERMPROJECT\RELEASE\MPGAME\GAMESTATE.OBJ
C:\USERS\ACER\GAMEMODMIDTERMPROJECT\RELEASE\MPGAME\HEALING_STATION.OBJ
C:\USERS\ACER\GAMEMODMIDTERMPROJECT\RELEASE\MPGAME\ICON.OBJ
C:\USERS\ACER\GAMEMODMIDTERMPROJECT\RELEASE\MPGAME\ICONMANAGER.OBJ
C:\USERS\ACER\GAMEMODMIDTERMPROJECT\RELEASE\MPGAME\IK.OBJ
C:\USERS\ACER\GAMEMODMIDTERMPROJECT\RELEASE\MPGAME\INSTANCE.OBJ
C:\USERS\ACER\GAMEMODMIDTERMPROJECT\RELEASE\MPGAME\ITEM.OBJ
C:\USERS\ACER\GAMEMODMIDTERMPROJECT\RELEASE\MPGAME\LAGOMETER.OBJ
C:\USERS\ACER\GAMEMODMIDTERMPROJECT\RELEASE\MPGAME\LIGHT.OBJ
C:\USERS\ACER\GAMEMODMIDTERMPROJECT\RELEASE\MPGAME\LIPSYNC.OBJ
C:\USERS\ACER\GAMEMODMIDTERMPROJECT\RELEASE\MPGAME\MISC.OBJ
C:\USERS\ACER\GAMEMODMIDTERMPROJECT\RELEASE\MPGAME\MONSTER_BERSERKER.OBJ
C:\USERS\ACER\GAMEMODMIDTERMPROJECT\RELEASE\MPGAME\MONSTER_BOSSBUDDY.OBJ
C:\USERS\ACER\GAMEMODMIDTERMPROJECT\RELEASE\MPGAME\MONSTER_BOSSMAKRON.OBJ
C:\USERS\ACER\GAMEMODMIDTERMPROJECT\RELEASE\MPGAME\MONSTER_CONVOYGROUND.OBJ
C:\USERS\ACER\GAMEMODMIDTERMPROJECT\RELEASE\MPGAME\MONSTER_CONVOYHOVER.OBJ
C:\USERS\ACER\GAMEMODMIDTERMPROJECT\RELEASE\MPGAME\MONSTER_FAILEDTRANSFER.OBJ
C:\USERS\ACER\GAMEMODMIDTERMPROJECT\RELEASE\MPGAME\MONSTER_FATTY.OBJ
C:\USERS\ACER\GAMEMODMIDTERMPROJECT\RELEASE\MPGAME\MONSTER_GLADIATOR.OBJ
C:\USERS\ACER\GAMEMODMIDTERMPROJECT\RELEASE\MPGAME\MONSTER_GRUNT.OBJ
C:\USERS\ACER\GAMEMODMIDTERMPROJECT\RELEASE\MPGAME\MONSTER_GUNNER.OBJ
C:\USERS\ACER\GAMEMODMIDTERMPROJECT\RELEASE\MPGAME\MONSTER_HARVESTER.OBJ
C:\USERS\ACER\GAMEMODMIDTERMPROJECT\RELEASE\MPGAME\MONSTER_HARVESTERDISPERSAL.OBJ
C:\USERS\ACER\GAMEMODMIDTERMPROJECT\RELEASE\MPGAME\MONSTER_HEAVYHOVERTANK.OBJ
C:\USERS\ACER\GAMEMODMIDTERMPROJECT\RELEASE\MPGAME\MONSTER_IRONMAIDEN.OBJ
C:\USERS\ACER\GAMEMODMIDTERMPROJECT\RELEASE\MPGAME\MONSTER_LIGHTTANK.OBJ
C:\USERS\ACER\GAMEMODMIDTERMPROJECT\RELEASE\MPGAME\MONSTER_NETWORKGUARDIAN.OBJ
C:\USERS\ACER\GAMEMODMIDTERMPROJECT\RELEASE\MPGAME\MONSTER_REPAIRBOT.OBJ
C:\USERS\ACER\GAMEMODMIDTERMPROJECT\RELEASE\MPGAME\MONSTER_SCIENTIST.OBJ
C:\USERS\ACER\GAMEMODMIDTERMPROJECT\RELEASE\MPGAME\MONSTER_SENTRY.OBJ
C:\USERS\ACER\GAMEMODMIDTERMPROJECT\RELEASE\MPGAME\MONSTER_SLIMYTRANSFER.OBJ
C:\USERS\ACER\GAMEMODMIDTERMPROJECT\RELEASE\MPGAME\MONSTER_STREAMPROTECTOR.OBJ
C:\USERS\ACER\GAMEMODMIDTERMPROJECT\RELEASE\MPGAME\MONSTER_STROGGFLYER.OBJ
C:\USERS\ACER\GAMEMODMIDTERMPROJECT\RELEASE\MPGAME\MONSTER_STROGGHOVER.OBJ
C:\USERS\ACER\GAMEMODMIDTERMPROJECT\RELEASE\MPGAME\MONSTER_STROGGMARINE.OBJ
C:\USERS\ACER\GAMEMODMIDTERMPROJECT\RELEASE\MPGAME\MONSTER_TELEPORTDROPPER.OBJ
C:\USERS\ACER\GAMEMODMIDTERMPROJECT\RELEASE\MPGAME\MONSTER_TURRET.OBJ
C:\USERS\ACER\GAMEMODMIDTERMPROJECT\RELEASE\MPGAME\MONSTER_TURRETFLYING.OBJ
C:\USERS\ACER\GAMEMODMIDTERMPROJECT\RELEASE\MPGAME\MOVEABLE.OBJ
C:\USERS\ACER\GAMEMODMIDTERMPROJECT\RELEASE\MPGAME\MOVER.OBJ
C:\USERS\ACER\GAMEMODMIDTERMPROJECT\RELEASE\MPGAME\MPGAME.PCH
C:\USERS\ACER\GAMEMODMIDTERMPROJECT\RELEASE\MPGAME\MULTIPLAYERGAME.OBJ
C:\USERS\ACER\GAMEMODMIDTERMPROJECT\RELEASE\MPGAME\PHYSICS.OBJ
C:\USERS\ACER\GAMEMODMIDTERMPROJECT\RELEASE\MPGAME\PHYSICS_ACTOR.OBJ
C:\USERS\ACER\GAMEMODMIDTERMPROJECT\RELEASE\MPGAME\PHYSICS_AF.OBJ
C:\USERS\ACER\GAMEMODMIDTERMPROJECT\RELEASE\MPGAME\PHYSICS_BASE.OBJ
C:\USERS\ACER\GAMEMODMIDTERMPROJECT\RELEASE\MPGAME\PHYSICS_MONSTER.OBJ
C:\USERS\ACER\GAMEMODMIDTERMPROJECT\RELEASE\MPGAME\PHYSICS_PARAMETRIC.OBJ
C:\USERS\ACER\GAMEMODMIDTERMPROJECT\RELEASE\MPGAME\PHYSICS_PARTICLE.OBJ
C:\USERS\ACER\GAMEMODMIDTERMPROJECT\RELEASE\MPGAME\PHYSICS_PLAYER.OBJ
C:\USERS\ACER\GAMEMODMIDTERMPROJECT\RELEASE\MPGAME\PHYSICS_RIGIDBODY.OBJ
C:\USERS\ACER\GAMEMODMIDTERMPROJECT\RELEASE\MPGAME\PHYSICS_STATIC.OBJ
C:\USERS\ACER\GAMEMODMIDTERMPROJECT\RELEASE\MPGAME\PHYSICS_STATICMULTI.OBJ
C:\USERS\ACER\GAMEMODMIDTERMPROJECT\RELEASE\MPGAME\PHYSICS_VEHICLEMONSTER.OBJ
C:\USERS\ACER\GAMEMODMIDTERMPROJECT\RELEASE\MPGAME\PLAYBACK.OBJ
C:\USERS\ACER\GAMEMODMIDTERMPROJECT\RELEASE\MPGAME\PLAYER.OBJ
C:\USERS\ACER\GAMEMODMIDTERMPROJECT\RELEASE\MPGAME\PLAYER_CHEATS.OBJ
C:\USERS\ACER\GAMEMODMIDTERMPROJECT\RELEASE\MPGAME\PLAYER_STATES.OBJ
C:\USERS\ACER\GAMEMODMIDTERMPROJECT\RELEASE\MPGAME\PLAYERVIEW.OBJ
C:\USERS\ACER\GAMEMODMIDTERMPROJECT\RELEASE\MPGAME\PROJECTILE.OBJ
C:\USERS\ACER\GAMEMODMIDTERMPROJECT\RELEASE\MPGAME\PUSH.OBJ
C:\USERS\ACER\GAMEMODMIDTERMPROJECT\RELEASE\MPGAME\PVS.OBJ
C:\USERS\ACER\GAMEMODMIDTERMPROJECT\RELEASE\MPGAME\SAVEGAME.OBJ
C:\USERS\ACER\GAMEMODMIDTERMPROJECT\RELEASE\MPGAME\SCRIPT_COMPILER.OBJ
C:\USERS\ACER\GAMEMODMIDTERMPROJECT\RELEASE\MPGAME\SCRIPT_INTERPRETER.OBJ
C:\USERS\ACER\GAMEMODMIDTERMPROJECT\RELEASE\MPGAME\SCRIPT_PROGRAM.OBJ
C:\USERS\ACER\GAMEMODMIDTERMPROJECT\RELEASE\MPGAME\SCRIPT_THREAD.OBJ
C:\USERS\ACER\GAMEMODMIDTERMPROJECT\RELEASE\MPGAME\SCRIPTFUNCUTILITY.OBJ
C:\USERS\ACER\GAMEMODMIDTERMPROJECT\RELEASE\MPGAME\SECURITYCAMERA.OBJ
C:\USERS\ACER\GAMEMODMIDTERMPROJECT\RELEASE\MPGAME\SOUND.OBJ
C:\USERS\ACER\GAMEMODMIDTERMPROJECT\RELEASE\MPGAME\SPAWNER.OBJ
C:\USERS\ACER\GAMEMODMIDTERMPROJECT\RELEASE\MPGAME\SPLINEMOVER.OBJ
C:\USERS\ACER\GAMEMODMIDTERMPROJECT\RELEASE\MPGAME\STATE.OBJ
C:\USERS\ACER\GAMEMODMIDTERMPROJECT\RELEASE\MPGAME\STATEVENT.OBJ
C:\USERS\ACER\GAMEMODMIDTERMPROJECT\RELEASE\MPGAME\STATMANAGER.OBJ
C:\USERS\ACER\GAMEMODMIDTERMPROJECT\RELEASE\MPGAME\STATWINDOW.OBJ
C:\USERS\ACER\GAMEMODMIDTERMPROJECT\RELEASE\MPGAME\SYSCMDS.OBJ
C:\USERS\ACER\GAMEMODMIDTERMPROJECT\RELEASE\MPGAME\SYSCVAR.OBJ
C:\USERS\ACER\GAMEMODMIDTERMPROJECT\RELEASE\MPGAME\TARGET.OBJ
C:\USERS\ACER\GAMEMODMIDTERMPROJECT\RELEASE\MPGAME\TOURNEY.OBJ
C:\USERS\ACER\GAMEMODMIDTERMPROJECT\RELEASE\MPGAME\TRAMGATE.OBJ
C:\USERS\ACER\GAMEMODMIDTERMPROJECT\RELEASE\MPGAME\TRIGGER.OBJ
C:\USERS\ACER\GAMEMODMIDTERMPROJECT\RELEASE\MPGAME\VEHICLE.OBJ
C:\USERS\ACER\GAMEMODMIDTERMPROJECT\RELEASE\MPGAME\VEHICLE_DROPPOD.OBJ
C:\USERS\ACER\GAMEMODMIDTERMPROJECT\RELEASE\MPGAME\VEHICLE_WALKER.OBJ
C:\USERS\ACER\GAMEMODMIDTERMPROJECT\RELEASE\MPGAME\VEHICLEAI.OBJ
C:\USERS\ACER\GAMEMODMIDTERMPROJECT\RELEASE\MPGAME\VEHICLEANIMATED.OBJ
C:\USERS\ACER\GAMEMODMIDTERMPROJECT\RELEASE\MPGAME\VEHICLECONTROLLER.OBJ
C:\USERS\ACER\GAMEMODMIDTERMPROJECT\RELEASE\MPGAME\VEHICLEDRIVER.OBJ
C:\USERS\ACER\GAMEMODMIDTERMPROJECT\RELEASE\MPGAME\VEHICLEMONSTER.OBJ
C:\USERS\ACER\GAMEMODMIDTERMPROJECT\RELEASE\MPGAME\VEHICLEPARTS.OBJ
C:\USERS\ACER\GAMEMODMIDTERMPROJECT\RELEASE\MPGAME\VEHICLEPOSITION.OBJ
C:\USERS\ACER\GAMEMODMIDTERMPROJECT\RELEASE\MPGAME\VEHICLERIGID.OBJ
C:\USERS\ACER\GAMEMODMIDTERMPROJECT\RELEASE\MPGAME\VEHICLESPLINE.OBJ
C:\USERS\ACER\GAMEMODMIDTERMPROJECT\RELEASE\MPGAME\VEHICLESTATIC.OBJ
C:\USERS\ACER\GAMEMODMIDTERMPROJECT\RELEASE\MPGAME\VOICECOMMS.OBJ
C:\USERS\ACER\GAMEMODMIDTERMPROJECT\RELEASE\MPGAME\WEAPON.OBJ
C:\USERS\ACER\GAMEMODMIDTERMPROJECT\RELEASE\MPGAME\WEAPONBLASTER.OBJ
C:\USERS\ACER\GAMEMODMIDTERMPROJECT\RELEASE\MPGAME\WEAPONDARKMATTERGUN.OBJ
C:\USERS\ACER\GAMEMODMIDTERMPROJECT\RELEASE\MPGAME\WEAPONGAUNTLET.OBJ
C:\USERS\ACER\GAMEMODMIDTERMPROJECT\RELEASE\MPGAME\WEAPONGRENADELAUNCHER.OBJ
C:\USERS\ACER\GAMEMODMIDTERMPROJECT\RELEASE\MPGAME\WEAPONHYPERBLASTER.OBJ
C:\USERS\ACER\GAMEMODMIDTERMPROJECT\RELEASE\MPGAME\WEAPONLIGHTNINGGUN.OBJ
C:\USERS\ACER\GAMEMODMIDTERMPROJECT\RELEASE\MPGAME\WEAPONMACHINEGUN.OBJ
C:\USERS\ACER\GAMEMODMIDTERMPROJECT\RELEASE\MPGAME\WEAPONNAILGUN.OBJ
C:\USERS\ACER\GAMEMODMIDTERMPROJECT\RELEASE\MPGAME\WEAPONNAPALMGUN.OBJ
C:\USERS\ACER\GAMEMODMIDTERMPROJECT\RELEASE\MPGAME\WEAPONRAILGUN.OBJ
C:\USERS\ACER\GAMEMODMIDTERMPROJECT\RELEASE\MPGAME\WEAPONROCKETLAUNCHER.OBJ
C:\USERS\ACER\GAMEMODMIDTERMPROJECT\RELEASE\MPGAME\WEAPONSHOTGUN.OBJ
C:\USERS\ACER\GAMEMODMIDTERMPROJECT\RELEASE\MPGAME\WORLDSPAWN.OBJ
C:\USERS\ACER\GAMEMODMIDTERMPROJECT\RELEASE\MPGAMEX86.MAP
C:\USERS\ACER\GAMEMODMIDTERMPROJECT\RELEASE\MPGAMEX86.PDB
C:\Users\Acer\GameModMidTermProject\Release\mt.command.1.tlog
C:\Users\Acer\GameModMidTermProject\Release\mt.read.1.tlog
C:\Users\Acer\GameModMidTermProject\Release\mt.write.1.tlog
C:\USERS\ACER\GAMEMODMIDTERMPROJECT\RELEASE\SPGAMEX86.DLL
C:\Users\Acer\GameModMidTermProject\Release\SPGamex86.exp
C:\USERS\CJDEL\GAMEMODMIDTERMPROJECT\RELEASE\GAME.DLL.INTERMEDIATE.MANIFEST
C:\USERS\CJDEL\GAMEMODMIDTERMPROJECT\RELEASE\GAME\AAS.OBJ
C:\USERS\CJDEL\GAMEMODMIDTERMPROJECT\RELEASE\GAME\AAS_DEBUG.OBJ
C:\USERS\CJDEL\GAMEMODMIDTERMPROJECT\RELEASE\GAME\AAS_FIND.OBJ
C:\USERS\CJDEL\GAMEMODMIDTERMPROJECT\RELEASE\GAME\AAS_PATHING.OBJ
C:\USERS\CJDEL\GAMEMODMIDTERMPROJECT\RELEASE\GAME\AAS_ROUTING.OBJ
C:\USERS\CJDEL\GAMEMODMIDTERMPROJECT\RELEASE\GAME\AAS_TACTICAL.OBJ
C:\USERS\CJDEL\GAMEMODMIDTERMPROJECT\RELEASE\GAME\ACTOR.OBJ
C:\USERS\CJDEL\GAMEMODMIDTERMPROJECT\RELEASE\GAME\AF.OBJ
C:\USERS\CJDEL\GAMEMODMIDTERMPROJECT\RELEASE\GAME\AFENTITY.OBJ
C:\USERS\CJDEL\GAMEMODMIDTERMPROJECT\RELEASE\GAME\AI.OBJ
C:\USERS\CJDEL\GAMEMODMIDTERMPROJECT\RELEASE\GAME\AI_ACTIONS.OBJ
C:\USERS\CJDEL\GAMEMODMIDTERMPROJECT\RELEASE\GAME\AI_ANNOUNCEMENTS.OBJ
C:\USERS\CJDEL\GAMEMODMIDTERMPROJECT\RELEASE\GAME\AI_DEBUG.OBJ
C:\USERS\CJDEL\GAMEMODMIDTERMPROJECT\RELEASE\GAME\AI_EVENTS.OBJ
C:\USERS\CJDEL\GAMEMODMIDTERMPROJECT\RELEASE\GAME\AI_MANAGER.OBJ
C:\USERS\CJDEL\GAMEMODMIDTERMPROJECT\RELEASE\GAME\AI_MEDIC.OBJ
C:\USERS\CJDEL\GAMEMODMIDTERMPROJECT\RELEASE\GAME\AI_MOVE.OBJ
C:\USERS\CJDEL\GAMEMODMIDTERMPROJECT\RELEASE\GAME\AI_PATHING.OBJ
C:\USERS\CJDEL\GAMEMODMIDTERMPROJECT\RELEASE\GAME\AI_STATES.OBJ
C:\USERS\CJDEL\GAMEMODMIDTERMPROJECT\RELEASE\GAME\AI_TACTICAL.OBJ
C:\USERS\CJDEL\GAMEMODMIDTERMPROJECT\RELEASE\GAME\AI_UTIL.OBJ
C:\USERS\CJDEL\GAMEMODMIDTERMPROJECT\RELEASE\GAME\ANIM.OBJ
C:\USERS\CJDEL\GAMEMODMIDTERMPROJECT\RELEASE\GAME\ANIM_BLEND.OBJ
C:\USERS\CJDEL\GAMEMODMIDTERMPROJECT\RELEASE\GAME\ANIM_IMPORT.OBJ
C:\USERS\CJDEL\GAMEMODMIDTERMPROJECT\RELEASE\GAME\ANIM_TESTMODEL.OBJ
C:\USERS\CJDEL\GAMEMODMIDTERMPROJECT\RELEASE\GAME\BRITTLEFRACTURE.OBJ
C:\USERS\CJDEL\GAMEMODMIDTERMPROJECT\RELEASE\GAME\BUYING.OBJ
C:\USERS\CJDEL\GAMEMODMIDTERMPROJECT\RELEASE\GAME\CAMERA.OBJ
C:\USERS\CJDEL\GAMEMODMIDTERMPROJECT\RELEASE\GAME\CLASS.OBJ
C:\USERS\CJDEL\GAMEMODMIDTERMPROJECT\RELEASE\GAME\CLIENTAFENTITY.OBJ
C:\USERS\CJDEL\GAMEMODMIDTERMPROJECT\RELEASE\GAME\CLIENTEFFECT.OBJ
C:\USERS\CJDEL\GAMEMODMIDTERMPROJECT\RELEASE\GAME\CLIENTENTITY.OBJ
C:\USERS\CJDEL\GAMEMODMIDTERMPROJECT\RELEASE\GAME\CLIENTMODEL.OBJ
C:\USERS\CJDEL\GAMEMODMIDTERMPROJECT\RELEASE\GAME\CLIENTMOVEABLE.OBJ
C:\USERS\CJDEL\GAMEMODMIDTERMPROJECT\RELEASE\GAME\CLIP.OBJ
C:\USERS\CJDEL\GAMEMODMIDTERMPROJECT\RELEASE\GAME\CTF.OBJ
C:\USERS\CJDEL\GAMEMODMIDTERMPROJECT\RELEASE\GAME\DEBUGGRAPH.OBJ
C:\USERS\CJDEL\GAMEMODMIDTERMPROJECT\RELEASE\GAME\EFFECT.OBJ
C:\USERS\CJDEL\GAMEMODMIDTERMPROJECT\RELEASE\GAME\ENTITY.OBJ
C:\USERS\CJDEL\GAMEMODMIDTERMPROJECT\RELEASE\GAME\EVENT.OBJ
C:\USERS\CJDEL\GAMEMODMIDTERMPROJECT\RELEASE\GAME\FORCE.OBJ
C:\USERS\CJDEL\GAMEMODMIDTERMPROJECT\RELEASE\GAME\FORCE_CONSTANT.OBJ
C:\USERS\CJDEL\GAMEMODMIDTERMPROJECT\RELEASE\GAME\FORCE_DRAG.OBJ
C:\USERS\CJDEL\GAMEMODMIDTERMPROJECT\RELEASE\GAME\FORCE_FIELD.OBJ
C:\USERS\CJDEL\GAMEMODMIDTERMPROJECT\RELEASE\GAME\FORCE_SPRING.OBJ
C:\USERS\CJDEL\GAMEMODMIDTERMPROJECT\RELEASE\GAME\FREEVIEW.OBJ
C:\USERS\CJDEL\GAMEMODMIDTERMPROJECT\RELEASE\GAME\GAME.PCH
C:\USERS\CJDEL\GAMEMODMIDTERMPROJECT\RELEASE\GAME\GAME_DEBUG.OBJ
C:\USERS\CJDEL\GAMEMODMIDTERMPROJECT\RELEASE\GAME\GAME_LOCAL.OBJ
C:\USERS\CJDEL\GAMEMODMIDTERMPROJECT\RELEASE\GAME\GAME_LOG.OBJ
C:\USERS\CJDEL\GAMEMODMIDTERMPROJECT\RELEASE\GAME\GAME_NETWORK.OBJ
C:\USERS\CJDEL\GAMEMODMIDTERMPROJECT\RELEASE\GAME\GAMEEDIT.OBJ
C:\USERS\CJDEL\GAMEMODMIDTERMPROJECT\RELEASE\GAME\GAMESTATE.OBJ
C:\USERS\CJDEL\GAMEMODMIDTERMPROJECT\RELEASE\GAME\HEALING_STATION.OBJ
C:\USERS\CJDEL\GAMEMODMIDTERMPROJECT\RELEASE\GAME\ICON.OBJ
C:\USERS\CJDEL\GAMEMODMIDTERMPROJECT\RELEASE\GAME\ICONMANAGER.OBJ
C:\USERS\CJDEL\GAMEMODMIDTERMPROJECT\RELEASE\GAME\IK.OBJ
C:\USERS\CJDEL\GAMEMODMIDTERMPROJECT\RELEASE\GAME\INSTANCE.OBJ
C:\USERS\CJDEL\GAMEMODMIDTERMPROJECT\RELEASE\GAME\ITEM.OBJ
C:\USERS\CJDEL\GAMEMODMIDTERMPROJECT\RELEASE\GAME\LIGHT.OBJ
C:\USERS\CJDEL\GAMEMODMIDTERMPROJECT\RELEASE\GAME\LIPSYNC.OBJ
C:\USERS\CJDEL\GAMEMODMIDTERMPROJECT\RELEASE\GAME\MISC.OBJ
C:\USERS\CJDEL\GAMEMODMIDTERMPROJECT\RELEASE\GAME\MONSTER_BERSERKER.OBJ
C:\USERS\CJDEL\GAMEMODMIDTERMPROJECT\RELEASE\GAME\MONSTER_BOSSBUDDY.OBJ
C:\USERS\CJDEL\GAMEMODMIDTERMPROJECT\RELEASE\GAME\MONSTER_BOSSMAKRON.OBJ
C:\USERS\CJDEL\GAMEMODMIDTERMPROJECT\RELEASE\GAME\MONSTER_CONVOYGROUND.OBJ
C:\USERS\CJDEL\GAMEMODMIDTERMPROJECT\RELEASE\GAME\MONSTER_CONVOYHOVER.OBJ
C:\USERS\CJDEL\GAMEMODMIDTERMPROJECT\RELEASE\GAME\MONSTER_FAILEDTRANSFER.OBJ
C:\USERS\CJDEL\GAMEMODMIDTERMPROJECT\RELEASE\GAME\MONSTER_FATTY.OBJ
C:\USERS\CJDEL\GAMEMODMIDTERMPROJECT\RELEASE\GAME\MONSTER_GLADIATOR.OBJ
C:\USERS\CJDEL\GAMEMODMIDTERMPROJECT\RELEASE\GAME\MONSTER_GRUNT.OBJ
C:\USERS\CJDEL\GAMEMODMIDTERMPROJECT\RELEASE\GAME\MONSTER_GUNNER.OBJ
C:\USERS\CJDEL\GAMEMODMIDTERMPROJECT\RELEASE\GAME\MONSTER_HARVESTER.OBJ
C:\USERS\CJDEL\GAMEMODMIDTERMPROJECT\RELEASE\GAME\MONSTER_HARVESTERDISPERSAL.OBJ
C:\USERS\CJDEL\GAMEMODMIDTERMPROJECT\RELEASE\GAME\MONSTER_HEAVYHOVERTANK.OBJ
C:\USERS\CJDEL\GAMEMODMIDTERMPROJECT\RELEASE\GAME\MONSTER_IRONMAIDEN.OBJ
C:\USERS\CJDEL\GAMEMODMIDTERMPROJECT\RELEASE\GAME\MONSTER_LIGHTTANK.OBJ
C:\USERS\CJDEL\GAMEMODMIDTERMPROJECT\RELEASE\GAME\MONSTER_NETWORKGUARDIAN.OBJ
C:\USERS\CJDEL\GAMEMODMIDTERMPROJECT\RELEASE\GAME\MONSTER_REPAIRBOT.OBJ
C:\USERS\CJDEL\GAMEMODMIDTERMPROJECT\RELEASE\GAME\MONSTER_SCIENTIST.OBJ
C:\USERS\CJDEL\GAMEMODMIDTERMPROJECT\RELEASE\GAME\MONSTER_SENTRY.OBJ
C:\USERS\CJDEL\GAMEMODMIDTERMPROJECT\RELEASE\GAME\MONSTER_SLIMYTRANSFER.OBJ
C:\USERS\CJDEL\GAMEMODMIDTERMPROJECT\RELEASE\GAME\MONSTER_STREAMPROTECTOR.OBJ
C:\USERS\CJDEL\GAMEMODMIDTERMPROJECT\RELEASE\GAME\MONSTER_STROGGFLYER.OBJ
C:\USERS\CJDEL\GAMEMODMIDTERMPROJECT\RELEASE\GAME\MONSTER_STROGGHOVER.OBJ
C:\USERS\CJDEL\GAMEMODMIDTERMPROJECT\RELEASE\GAME\MONSTER_STROGGMARINE.OBJ
C:\USERS\CJDEL\GAMEMODMIDTERMPROJECT\RELEASE\GAME\MONSTER_TELEPORTDROPPER.OBJ
C:\USERS\CJDEL\GAMEMODMIDTERMPROJECT\RELEASE\GAME\MONSTER_TURRET.OBJ
C:\USERS\CJDEL\GAMEMODMIDTERMPROJECT\RELEASE\GAME\MONSTER_TURRETFLYING.OBJ
C:\USERS\CJDEL\GAMEMODMIDTERMPROJECT\RELEASE\GAME\MOVEABLE.OBJ
C:\USERS\CJDEL\GAMEMODMIDTERMPROJECT\RELEASE\GAME\MOVER.OBJ
C:\USERS\CJDEL\GAMEMODMIDTERMPROJECT\RELEASE\GAME\MULTIPLAYERGAME.OBJ
C:\USERS\CJDEL\GAMEMODMIDTERMPROJECT\RELEASE\GAME\PHYSICS.OBJ
C:\USERS\CJDEL\GAMEMODMIDTERMPROJECT\RELEASE\GAME\PHYSICS_ACTOR.OBJ
C:\USERS\CJDEL\GAMEMODMIDTERMPROJECT\RELEASE\GAME\PHYSICS_AF.OBJ
C:\USERS\CJDEL\GAMEMODMIDTERMPROJECT\RELEASE\GAME\PHYSICS_BASE.OBJ
C:\USERS\CJDEL\GAMEMODMIDTERMPROJECT\RELEASE\GAME\PHYSICS_MONSTER.OBJ
C:\USERS\CJDEL\GAMEMODMIDTERMPROJECT\RELEASE\GAME\PHYSICS_PARAMETRIC.OBJ
C:\USERS\CJDEL\GAMEMODMIDTERMPROJECT\RELEASE\GAME\PHYSICS_PARTICLE.OBJ
C:\USERS\CJDEL\GAMEMODMIDTERMPROJECT\RELEASE\GAME\PHYSICS_PLAYER.OBJ
C:\USERS\CJDEL\GAMEMODMIDTERMPROJECT\RELEASE\GAME\PHYSICS_RIGIDBODY.OBJ
C:\USERS\CJDEL\GAMEMODMIDTERMPROJECT\RELEASE\GAME\PHYSICS_STATIC.OBJ
C:\USERS\CJDEL\GAMEMODMIDTERMPROJECT\RELEASE\GAME\PHYSICS_STATICMULTI.OBJ
C:\USERS\CJDEL\GAMEMODMIDTERMPROJECT\RELEASE\GAME\PHYSICS_VEHICLEMONSTER.OBJ
C:\USERS\CJDEL\GAMEMODMIDTERMPROJECT\RELEASE\GAME\PLAYBACK.OBJ
C:\USERS\CJDEL\GAMEMODMIDTERMPROJECT\RELEASE\GAME\PLAYER.OBJ
C:\USERS\CJDEL\GAMEMODMIDTERMPROJECT\RELEASE\GAME\PLAYER_CHEATS.OBJ
C:\USERS\CJDEL\GAMEMODMIDTERMPROJECT\RELEASE\GAME\PLAYER_STATES.OBJ
C:\USERS\CJDEL\GAMEMODMIDTERMPROJECT\RELEASE\GAME\PLAYERVIEW.OBJ
C:\USERS\CJDEL\GAMEMODMIDTERMPROJECT\RELEASE\GAME\PROJECTILE.OBJ
C:\USERS\CJDEL\GAMEMODMIDTERMPROJECT\RELEASE\GAME\PUSH.OBJ
C:\USERS\CJDEL\GAMEMODMIDTERMPROJECT\RELEASE\GAME\PVS.OBJ
C:\USERS\CJDEL\GAMEMODMIDTERMPROJECT\RELEASE\GAME\SAVEGAME.OBJ
C:\USERS\CJDEL\GAMEMODMIDTERMPROJECT\RELEASE\GAME\SCRIPT_COMPILER.OBJ
C:\USERS\CJDEL\GAMEMODMIDTERMPROJECT\RELEASE\GAME\SCRIPT_INTERPRETER.OBJ
C:\USERS\CJDEL\GAMEMODMIDTERMPROJECT\RELEASE\GAME\SCRIPT_PROGRAM.OBJ
C:\USERS\CJDEL\GAMEMODMIDTERMPROJECT\RELEASE\GAME\SCRIPT_THREAD.OBJ
C:\USERS\CJDEL\GAMEMODMIDTERMPROJECT\RELEASE\GAME\SCRIPTFUNCUTILITY.OBJ
C:\USERS\CJDEL\GAMEMODMIDTERMPROJECT\RELEASE\GAME\SECURITYCAMERA.OBJ
C:\USERS\CJDEL\GAMEMODMIDTERMPROJECT\RELEASE\GAME\SOUND.OBJ
C:\USERS\CJDEL\GAMEMODMIDTERMPROJECT\RELEASE\GAME\SPAWNER.OBJ
C:\USERS\CJDEL\GAMEMODMIDTERMPROJECT\RELEASE\GAME\SPLINEMOVER.OBJ
C:\USERS\CJDEL\GAMEMODMIDTERMPROJECT\RELEASE\GAME\STATE.OBJ
C:\USERS\CJDEL\GAMEMODMIDTERMPROJECT\RELEASE\GAME\STATEVENT.OBJ
C:\USERS\CJDEL\GAMEMODMIDTERMPROJECT\RELEASE\GAME\STATMANAGER.OBJ
C:\USERS\CJDEL\GAMEMODMIDTERMPROJECT\RELEASE\GAME\STATWINDOW.OBJ
C:\USERS\CJDEL\GAMEMODMIDTERMPROJECT\RELEASE\GAME\SYSCMDS.OBJ
C:\USERS\CJDEL\GAMEMODMIDTERMPROJECT\RELEASE\GAME\SYSCVAR.OBJ
C:\USERS\CJDEL\GAMEMODMIDTERMPROJECT\RELEASE\GAME\TARGET.OBJ
C:\USERS\CJDEL\GAMEMODMIDTERMPROJECT\RELEASE\GAME\TOURNEY.OBJ
C:\USERS\CJDEL\GAMEMODMIDTERMPROJECT\RELEASE\GAME\TRAMGATE.OBJ
C:\USERS\CJDEL\GAMEMODMIDTERMPROJECT\RELEASE\GAME\TRIGGER.OBJ
C:\USERS\CJDEL\GAMEMODMIDTERMPROJECT\RELEASE\GAME\VEHICLE.OBJ
C:\USERS\CJDEL\GAMEMODMIDTERMPROJECT\RELEASE\GAME\VEHICLE_DROPPOD.OBJ
C:\USERS\CJDEL\GAMEMODMIDTERMPROJECT\RELEASE\GAME\VEHICLE_WALKER.OBJ
C:\USERS\CJDEL\GAMEMODMIDTERMPROJECT\RELEASE\GAME\VEHICLEAI.OBJ
C:\USERS\CJDEL\GAMEMODMIDTERMPROJECT\RELEASE\GAME\VEHICLEANIMATED.OBJ
C:\USERS\CJDEL\GAMEMODMIDTERMPROJECT\RELEASE\GAME\VEHICLECONTROLLER.OBJ
C:\USERS\CJDEL\GAMEMODMIDTERMPROJECT\RELEASE\GAME\VEHICLEDRIVER.OBJ
C:\USERS\CJDEL\GAMEMODMIDTERMPROJECT\RELEASE\GAME\VEHICLEMONSTER.OBJ
C:\USERS\CJDEL\GAMEMODMIDTERMPROJECT\RELEASE\GAME\VEHICLEPARTS.OBJ
C:\USERS\CJDEL\GAMEMODMIDTERMPROJECT\RELEASE\GAME\VEHICLEPOSITION.OBJ
C:\USERS\CJDEL\GAMEMODMIDTERMPROJECT\RELEASE\GAME\VEHICLERIGID.OBJ
C:\USERS\CJDEL\GAMEMODMIDTERMPROJECT\RELEASE\GAME\VEHICLESPLINE.OBJ
C:\USERS\CJDEL\GAMEMODMIDTERMPROJECT\RELEASE\GAME\VEHICLESTATIC.OBJ
C:\USERS\CJDEL\GAMEMODMIDTERMPROJECT\RELEASE\GAME\VOICECOMMS.OBJ
C:\USERS\CJDEL\GAMEMODMIDTERMPROJECT\RELEASE\GAME\WEAPON.OBJ
C:\USERS\CJDEL\GAMEMODMIDTERMPROJECT\RELEASE\GAME\WEAPONBLASTER.OBJ
C:\USERS\CJDEL\GAMEMODMIDTERMPROJECT\RELEASE\GAME\WEAPONDARKMATTERGUN.OBJ
C:\USERS\CJDEL\GAMEMODMIDTERMPROJECT\RELEASE\GAME\WEAPONGAUNTLET.OBJ
C:\USERS\CJDEL\GAMEMODMIDTERMPROJECT\RELEASE\GAME\WEAPONGRENADELAUNCHER.OBJ
C:\USERS\CJDEL\GAMEMODMIDTERMPROJECT\RELEASE\GAME\WEAPONHYPERBLASTER.OBJ
C:\USERS\CJDEL\GAMEMODMIDTERMPROJECT\RELEASE\GAME\WEAPONLIGHTNINGGUN.OBJ
C:\USERS\CJDEL\GAMEMODMIDTERMPROJECT\RELEASE\GAME\WEAPONMACHINEGUN.OBJ
C:\USERS\CJDEL\GAMEMODMIDTERMPROJECT\RELEASE\GAME\WEAPONNAILGUN.OBJ
C:\USERS\CJDEL\GAMEMODMIDTERMPROJECT\RELEASE\GAME\WEAPONNAPALMGUN.OBJ
C:\USERS\CJDEL\GAMEMODMIDTERMPROJECT\RELEASE\GAME\WEAPONRAILGUN.OBJ
C:\USERS\CJDEL\GAMEMODMIDTERMPROJECT\RELEASE\GAME\WEAPONROCKETLAUNCHER.OBJ
C:\USERS\CJDEL\GAMEMODMIDTERMPROJECT\RELEASE\GAME\WEAPONSHOTGUN.OBJ
C:\USERS\CJDEL\GAMEMODMIDTERMPROJECT\RELEASE\GAME\WORLDSPAWN.OBJ
C:\USERS\CJDEL\GAMEMODMIDTERMPROJECT\RELEASE\GAMEX86.MAP
C:\USERS\CJDEL\GAMEMODMIDTERMPROJECT\RELEASE\GAMEX86.PDB
C:\USERS\CJDEL\GAMEMODMIDTERMPROJECT\RELEASE\IDLIB.LIB
C:\USERS\CJDEL\GAMEMODMIDTERMPROJECT\RELEASE\IDLIB.PDB
C:\USERS\CJDEL\GAMEMODMIDTERMPROJECT\RELEASE\IDLIB\ANGLES.OBJ
C:\USERS\CJDEL\GAMEMODMIDTERMPROJECT\RELEASE\IDLIB\BASE64.OBJ
C:\USERS\CJDEL\GAMEMODMIDTERMPROJECT\RELEASE\IDLIB\BITMSG.OBJ
C:\USERS\CJDEL\GAMEMODMIDTERMPROJECT\RELEASE\IDLIB\BOUNDS.OBJ
C:\USERS\CJDEL\GAMEMODMIDTERMPROJECT\RELEASE\IDLIB\BOX.OBJ
C:\USERS\CJDEL\GAMEMODMIDTERMPROJECT\RELEASE\IDLIB\CMDARGS.OBJ
C:\USERS\CJDEL\GAMEMODMIDTERMPROJECT\RELEASE\IDLIB\COMPLEX.OBJ
C:\USERS\CJDEL\GAMEMODMIDTERMPROJECT\RELEASE\IDLIB\CRC16.OBJ
C:\USERS\CJDEL\GAMEMODMIDTERMPROJECT\RELEASE\IDLIB\CRC32.OBJ
C:\USERS\CJDEL\GAMEMODMIDTERMPROJECT\RELEASE\IDLIB\CRC8.OBJ
C:\USERS\CJDEL\GAMEMODMIDTERMPROJECT\RELEASE\IDLIB\DICT.OBJ
C:\USERS\CJDEL\GAMEMODMIDTERMPROJECT\RELEASE\IDLIB\FFT.OBJ
C:\USERS\CJDEL\GAMEMODMIDTERMPROJECT\RELEASE\IDLIB\FRUSTUM.OBJ
C:\USERS\CJDEL\GAMEMODMIDTERMPROJECT\RELEASE\IDLIB\HASHINDEX.OBJ
C:\USERS\CJDEL\GAMEMODMIDTERMPROJECT\RELEASE\IDLIB\HEAP.OBJ
C:\USERS\CJDEL\GAMEMODMIDTERMPROJECT\RELEASE\IDLIB\HONEYMAN.OBJ
C:\USERS\CJDEL\GAMEMODMIDTERMPROJECT\RELEASE\IDLIB\IDLIB.PCH
C:\USERS\CJDEL\GAMEMODMIDTERMPROJECT\RELEASE\IDLIB\JOINTTRANSFORM.OBJ
C:\USERS\CJDEL\GAMEMODMIDTERMPROJECT\RELEASE\IDLIB\LANGDICT.OBJ
C:\USERS\CJDEL\GAMEMODMIDTERMPROJECT\RELEASE\IDLIB\LCP.OBJ
C:\USERS\CJDEL\GAMEMODMIDTERMPROJECT\RELEASE\IDLIB\LEXER.OBJ
C:\USERS\CJDEL\GAMEMODMIDTERMPROJECT\RELEASE\IDLIB\LEXERFACTORY.OBJ
C:\USERS\CJDEL\GAMEMODMIDTERMPROJECT\RELEASE\IDLIB\LIB.OBJ
C:\USERS\CJDEL\GAMEMODMIDTERMPROJECT\RELEASE\IDLIB\MAPFILE.OBJ
C:\USERS\CJDEL\GAMEMODMIDTERMPROJECT\RELEASE\IDLIB\MATH.OBJ
C:\USERS\CJDEL\GAMEMODMIDTERMPROJECT\RELEASE\IDLIB\MATRIX.OBJ
C:\USERS\CJDEL\GAMEMODMIDTERMPROJECT\RELEASE\IDLIB\MD4.OBJ
C:\USERS\CJDEL\GAMEMODMIDTERMPROJECT\RELEASE\IDLIB\MD5.OBJ
C:\USERS\CJDEL\GAMEMODMIDTERMPROJECT\RELEASE\IDLIB\ODE.OBJ
C:\USERS\CJDEL\GAMEMODMIDTERMPROJECT\RELEASE\IDLIB\PARSER.OBJ
C:\USERS\CJDEL\GAMEMODMIDTERMPROJECT\RELEASE\IDLIB\PLANE.OBJ
C:\USERS\CJDEL\GAMEMODMIDTERMPROJECT\RELEASE\IDLIB\PLUECKER.OBJ
C:\USERS\CJDEL\GAMEMODMIDTERMPROJECT\RELEASE\IDLIB\POLYNOMIAL.OBJ
C:\USERS\CJDEL\GAMEMODMIDTERMPROJECT\RELEASE\IDLIB\QUAT.OBJ
C:\USERS\CJDEL\GAMEMODMIDTERMPROJECT\RELEASE\IDLIB\RADIANS.OBJ
C:\USERS\CJDEL\GAMEMODMIDTERMPROJECT\RELEASE\IDLIB\ROTATION.OBJ
C:\USERS\CJDEL\GAMEMODMIDTERMPROJECT\RELEASE\IDLIB\RVHEAP.OBJ
C:\USERS\CJDEL\GAMEMODMIDTERMPROJECT\RELEASE\IDLIB\RVHEAPARENA.OBJ
C:\USERS\CJDEL\GAMEMODMIDTERMPROJECT\RELEASE\IDLIB\RVMEMSYS.OBJ
C:\USERS\CJDEL\GAMEMODMIDTERMPROJECT\RELEASE\IDLIB\SIMD.OBJ
C:\USERS\CJDEL\GAMEMODMIDTERMPROJECT\RELEASE\IDLIB\SIMD_3DNOW.OBJ
C:\USERS\CJDEL\GAMEMODMIDTERMPROJECT\RELEASE\IDLIB\SIMD_GENERIC.OBJ
C:\USERS\CJDEL\GAMEMODMIDTERMPROJECT\RELEASE\IDLIB\SIMD_MMX.OBJ
C:\USERS\CJDEL\GAMEMODMIDTERMPROJECT\RELEASE\IDLIB\SIMD_SSE.OBJ
C:\USERS\CJDEL\GAMEMODMIDTERMPROJECT\RELEASE\IDLIB\SIMD_SSE2.OBJ
C:\USERS\CJDEL\GAMEMODMIDTERMPROJECT\RELEASE\IDLIB\SIMD_SSE3.OBJ
C:\USERS\CJDEL\GAMEMODMIDTERMPROJECT\RELEASE\IDLIB\SPHERE.OBJ
C:\USERS\CJDEL\GAMEMODMIDTERMPROJECT\RELEASE\IDLIB\STR.OBJ
C:\USERS\CJDEL\GAMEMODMIDTERMPROJECT\RELEASE\IDLIB\SURFACE.OBJ
C:\USERS\CJDEL\GAMEMODMIDTERMPROJECT\RELEASE\IDLIB\SURFACE_PATCH.OBJ
C:\USERS\CJDEL\GAMEMODMIDTERMPROJECT\RELEASE\IDLIB\SURFACE_POLYTOPE.OBJ
C:\USERS\CJDEL\GAMEMODMIDTERMPROJECT\RELEASE\IDLIB\SURFACE_SWEPTSPLINE.OBJ
C:\USERS\CJDEL\GAMEMODMIDTERMPROJECT\RELEASE\IDLIB\TEXTCOMPILER.OBJ
C:\USERS\CJDEL\GAMEMODMIDTERMPROJECT\RELEASE\IDLIB\TIMER.OBJ
C:\USERS\CJDEL\GAMEMODMIDTERMPROJECT\RELEASE\IDLIB\TIMINGCOLLECTION.OBJ
C:\USERS\CJDEL\GAMEMODMIDTERMPROJECT\RELEASE\IDLIB\TOKEN.OBJ
C:\USERS\CJDEL\GAMEMODMIDTERMPROJECT\RELEASE\IDLIB\TRACEMODEL.OBJ
C:\USERS\CJDEL\GAMEMODMIDTERMPROJECT\RELEASE\IDLIB\VECTOR.OBJ
C:\USERS\CJDEL\GAMEMODMIDTERMPROJECT\RELEASE\IDLIB\WINDING.OBJ
C:\USERS\CJDEL\GAMEMODMIDTERMPROJECT\RELEASE\IDLIB\WINDING2D.OBJ
C:\USERS\CJDEL\GAMEMODMIDTERMPROJECT\RELEASE\MPGAME.DLL
C:\USERS\CJDEL\GAMEMODMIDTERMPROJECT\RELEASE\MPGAME.DLL.INTERMEDIATE.MANIFEST
C:\Users\cjdel\GameModMidTermProject\Release\mpgame.exp
C:\Users\cjdel\GameModMidTermProject\Release\mpgame.lib
C:\USERS\CJDEL\GAMEMODMIDTERMPROJECT\RELEASE\MPGAME\AAS.OBJ
C:\USERS\CJDEL\GAMEMODMIDTERMPROJECT\RELEASE\MPGAME\AAS_DEBUG.OBJ
C:\USERS\CJDEL\GAMEMODMIDTERMPROJECT\RELEASE\MPGAME\AAS_FIND.OBJ
C:\USERS\CJDEL\GAMEMODMIDTERMPROJECT\RELEASE\MPGAME\AAS_PATHING.OBJ
C:\USERS\CJDEL\GAMEMODMIDTERMPROJECT\RELEASE\MPGAME\AAS_ROUTING.OBJ
C:\USERS\CJDEL\GAMEMODMIDTERMPROJECT\RELEASE\MPGAME\AAS_TACTICAL.OBJ
C:\USERS\CJDEL\GAMEMODMIDTERMPROJECT\RELEASE\MPGAME\ACTOR.OBJ
C:\USERS\CJDEL\GAMEMODMIDTERMPROJECT\RELEASE\MPGAME\AF.OBJ
C:\USERS\CJDEL\GAMEMODMIDTERMPROJECT\RELEASE\MPGAME\AFENTITY.OBJ
C:\USERS\CJDEL\GAMEMODMIDTERMPROJECT\RELEASE\MPGAME\AI.OBJ
C:\USERS\CJDEL\GAMEMODMIDTERMPROJECT\RELEASE\MPGAME\AI_ACTIONS.OBJ
C:\USERS\CJDEL\GAMEMODMIDTERMPROJECT\RELEASE\MPGAME\AI_ANNOUNCEMENTS.OBJ
C:\USERS\CJDEL\GAMEMODMIDTERMPROJECT\RELEASE\MPGAME\AI_DEBUG.OBJ
C:\USERS\CJDEL\GAMEMODMIDTERMPROJECT\RELEASE\MPGAME\AI_EVENTS.OBJ
C:\USERS\CJDEL\GAMEMODMIDTERMPROJECT\RELEASE\MPGAME\AI_MANAGER.OBJ
C:\USERS\CJDEL\GAMEMODMIDTERMPROJECT\RELEASE\MPGAME\AI_MEDIC.OBJ
C:\USERS\CJDEL\GAMEMODMIDTERMPROJECT\RELEASE\MPGAME\AI_MOVE.OBJ
C:\USERS\CJDEL\GAMEMODMIDTERMPROJECT\RELEASE\MPGAME\AI_PATHING.OBJ
C:\USERS\CJDEL\GAMEMODMIDTERMPROJECT\RELEASE\MPGAME\AI_STATES.OBJ
C:\USERS\CJDEL\GAMEMODMIDTERMPROJECT\RELEASE\MPGAME\AI_TACTICAL.OBJ
C:\USERS\CJDEL\GAMEMODMIDTERMPROJECT\RELEASE\MPGAME\AI_UTIL.OBJ
C:\USERS\CJDEL\GAMEMODMIDTERMPROJECT\RELEASE\MPGAME\ANIM.OBJ
C:\USERS\CJDEL\GAMEMODMIDTERMPROJECT\RELEASE\MPGAME\ANIM_BLEND.OBJ
C:\USERS\CJDEL\GAMEMODMIDTERMPROJECT\RELEASE\MPGAME\ANIM_IMPORT.OBJ
C:\USERS\CJDEL\GAMEMODMIDTERMPROJECT\RELEASE\MPGAME\ANIM_TESTMODEL.OBJ
C:\USERS\CJDEL\GAMEMODMIDTERMPROJECT\RELEASE\MPGAME\BRITTLEFRACTURE.OBJ
C:\USERS\CJDEL\GAMEMODMIDTERMPROJECT\RELEASE\MPGAME\BUYING.OBJ
C:\USERS\CJDEL\GAMEMODMIDTERMPROJECT\RELEASE\MPGAME\CAMERA.OBJ
C:\USERS\CJDEL\GAMEMODMIDTERMPROJECT\RELEASE\MPGAME\CLASS.OBJ
C:\USERS\CJDEL\GAMEMODMIDTERMPROJECT\RELEASE\MPGAME\CLIENTAFENTITY.OBJ
C:\USERS\CJDEL\GAMEMODMIDTERMPROJECT\RELEASE\MPGAME\CLIENTEFFECT.OBJ
C:\USERS\CJDEL\GAMEMODMIDTERMPROJECT\RELEASE\MPGAME\CLIENTENTITY.OBJ
C:\USERS\CJDEL\GAMEMODMIDTERMPROJECT\RELEASE\MPGAME\CLIENTMODEL.OBJ
C:\USERS\CJDEL\GAMEMODMIDTERMPROJECT\RELEASE\MPGAME\CLIENTMOVEABLE.OBJ
C:\USERS\CJDEL\GAMEMODMIDTERMPROJECT\RELEASE\MPGAME\CLIP.OBJ
C:\USERS\CJDEL\GAMEMODMIDTERMPROJECT\RELEASE\MPGAME\CTF.OBJ
C:\USERS\CJDEL\GAMEMODMIDTERMPROJECT\RELEASE\MPGAME\DEBUGGRAPH.OBJ
C:\USERS\CJDEL\GAMEMODMIDTERMPROJECT\RELEASE\MPGAME\EFFECT.OBJ
C:\USERS\CJDEL\GAMEMODMIDTERMPROJECT\RELEASE\MPGAME\ENTITY.OBJ
C:\USERS\CJDEL\GAMEMODMIDTERMPROJECT\RELEASE\MPGAME\EVENT.OBJ
C:\USERS\CJDEL\GAMEMODMIDTERMPROJECT\RELEASE\MPGAME\FORCE.OBJ
C:\USERS\CJDEL\GAMEMODMIDTERMPROJECT\RELEASE\MPGAME\FORCE_CONSTANT.OBJ
C:\USERS\CJDEL\GAMEMODMIDTERMPROJECT\RELEASE\MPGAME\FORCE_DRAG.OBJ
C:\USERS\CJDEL\GAMEMODMIDTERMPROJECT\RELEASE\MPGAME\FORCE_FIELD.OBJ
C:\USERS\CJDEL\GAMEMODMIDTERMPROJECT\RELEASE\MPGAME\FORCE_SPRING.OBJ
C:\USERS\CJDEL\GAMEMODMIDTERMPROJECT\RELEASE\MPGAME\GAME_DEBUG.OBJ
C:\USERS\CJDEL\GAMEMODMIDTERMPROJECT\RELEASE\MPGAME\GAME_LOCAL.OBJ
C:\USERS\CJDEL\GAMEMODMIDTERMPROJECT\RELEASE\MPGAME\GAME_LOG.OBJ
C:\USERS\CJDEL\GAMEMODMIDTERMPROJECT\RELEASE\MPGAME\GAME_NETWORK.OBJ
C:\USERS\CJDEL\GAMEMODMIDTERMPROJECT\RELEASE\MPGAME\GAMEEDIT.OBJ
C:\USERS\CJDEL\GAMEMODMIDTERMPROJECT\RELEASE\MPGAME\GAMESTATE.OBJ
C:\USERS\CJDEL\GAMEMODMIDTERMPROJECT\RELEASE\MPGAME\HEALING_STATION.OBJ
C:\USERS\CJDEL\GAMEMODMIDTERMPROJECT\RELEASE\MPGAME\ICON.OBJ
C:\USERS\CJDEL\GAMEMODMIDTERMPROJECT\RELEASE\MPGAME\ICONMANAGER.OBJ
C:\USERS\CJDEL\GAMEMODMIDTERMPROJECT\RELEASE\MPGAME\IK.OBJ
C:\USERS\CJDEL\GAMEMODMIDTERMPROJECT\RELEASE\MPGAME\INSTANCE.OBJ
C:\USERS\CJDEL\GAMEMODMIDTERMPROJECT\RELEASE\MPGAME\ITEM.OBJ
C:\USERS\CJDEL\GAMEMODMIDTERMPROJECT\RELEASE\MPGAME\LAGOMETER.OBJ
C:\USERS\CJDEL\GAMEMODMIDTERMPROJECT\RELEASE\MPGAME\LIGHT.OBJ
C:\USERS\CJDEL\GAMEMODMIDTERMPROJECT\RELEASE\MPGAME\LIPSYNC.OBJ
C:\USERS\CJDEL\GAMEMODMIDTERMPROJECT\RELEASE\MPGAME\MISC.OBJ
C:\USERS\CJDEL\GAMEMODMIDTERMPROJECT\RELEASE\MPGAME\MONSTER_BERSERKER.OBJ
C:\USERS\CJDEL\GAMEMODMIDTERMPROJECT\RELEASE\MPGAME\MONSTER_BOSSBUDDY.OBJ
C:\USERS\CJDEL\GAMEMODMIDTERMPROJECT\RELEASE\MPGAME\MONSTER_BOSSMAKRON.OBJ
C:\USERS\CJDEL\GAMEMODMIDTERMPROJECT\RELEASE\MPGAME\MONSTER_CONVOYGROUND.OBJ
C:\USERS\CJDEL\GAMEMODMIDTERMPROJECT\RELEASE\MPGAME\MONSTER_CONVOYHOVER.OBJ
C:\USERS\CJDEL\GAMEMODMIDTERMPROJECT\RELEASE\MPGAME\MONSTER_FAILEDTRANSFER.OBJ
C:\USERS\CJDEL\GAMEMODMIDTERMPROJECT\RELEASE\MPGAME\MONSTER_FATTY.OBJ
C:\USERS\CJDEL\GAMEMODMIDTERMPROJECT\RELEASE\MPGAME\MONSTER_GLADIATOR.OBJ
C:\USERS\CJDEL\GAMEMODMIDTERMPROJECT\RELEASE\MPGAME\MONSTER_GRUNT.OBJ
C:\USERS\CJDEL\GAMEMODMIDTERMPROJECT\RELEASE\MPGAME\MONSTER_GUNNER.OBJ
C:\USERS\CJDEL\GAMEMODMIDTERMPROJECT\RELEASE\MPGAME\MONSTER_HARVESTER.OBJ
C:\USERS\CJDEL\GAMEMODMIDTERMPROJECT\RELEASE\MPGAME\MONSTER_HARVESTERDISPERSAL.OBJ
C:\USERS\CJDEL\GAMEMODMIDTERMPROJECT\RELEASE\MPGAME\MONSTER_HEAVYHOVERTANK.OBJ
C:\USERS\CJDEL\GAMEMODMIDTERMPROJECT\RELEASE\MPGAME\MONSTER_IRONMAIDEN.OBJ
C:\USERS\CJDEL\GAMEMODMIDTERMPROJECT\RELEASE\MPGAME\MONSTER_LIGHTTANK.OBJ
C:\USERS\CJDEL\GAMEMODMIDTERMPROJECT\RELEASE\MPGAME\MONSTER_NETWORKGUARDIAN.OBJ
C:\USERS\CJDEL\GAMEMODMIDTERMPROJECT\RELEASE\MPGAME\MONSTER_REPAIRBOT.OBJ
C:\USERS\CJDEL\GAMEMODMIDTERMPROJECT\RELEASE\MPGAME\MONSTER_SCIENTIST.OBJ
C:\USERS\CJDEL\GAMEMODMIDTERMPROJECT\RELEASE\MPGAME\MONSTER_SENTRY.OBJ
C:\USERS\CJDEL\GAMEMODMIDTERMPROJECT\RELEASE\MPGAME\MONSTER_SLIMYTRANSFER.OBJ
C:\USERS\CJDEL\GAMEMODMIDTERMPROJECT\RELEASE\MPGAME\MONSTER_STREAMPROTECTOR.OBJ
C:\USERS\CJDEL\GAMEMODMIDTERMPROJECT\RELEASE\MPGAME\MONSTER_STROGGFLYER.OBJ
C:\USERS\CJDEL\GAMEMODMIDTERMPROJECT\RELEASE\MPGAME\MONSTER_STROGGHOVER.OBJ
C:\USERS\CJDEL\GAMEMODMIDTERMPROJECT\RELEASE\MPGAME\MONSTER_STROGGMARINE.OBJ
C:\USERS\CJDEL\GAMEMODMIDTERMPROJECT\RELEASE\MPGAME\MONSTER_TELEPORTDROPPER.OBJ
C:\USERS\CJDEL\GAMEMODMIDTERMPROJECT\RELEASE\MPGAME\MONSTER_TURRET.OBJ
C:\USERS\CJDEL\GAMEMODMIDTERMPROJECT\RELEASE\MPGAME\MONSTER_TURRETFLYING.OBJ
C:\USERS\CJDEL\GAMEMODMIDTERMPROJECT\RELEASE\MPGAME\MOVEABLE.OBJ
C:\USERS\CJDEL\GAMEMODMIDTERMPROJECT\RELEASE\MPGAME\MOVER.OBJ
C:\USERS\CJDEL\GAMEMODMIDTERMPROJECT\RELEASE\MPGAME\MPGAME.PCH
C:\USERS\CJDEL\GAMEMODMIDTERMPROJECT\RELEASE\MPGAME\MULTIPLAYERGAME.OBJ
C:\USERS\CJDEL\GAMEMODMIDTERMPROJECT\RELEASE\MPGAME\PHYSICS.OBJ
C:\USERS\CJDEL\GAMEMODMIDTERMPROJECT\RELEASE\MPGAME\PHYSICS_ACTOR.OBJ
C:\USERS\CJDEL\GAMEMODMIDTERMPROJECT\RELEASE\MPGAME\PHYSICS_AF.OBJ
C:\USERS\CJDEL\GAMEMODMIDTERMPROJECT\RELEASE\MPGAME\PHYSICS_BASE.OBJ
C:\USERS\CJDEL\GAMEMODMIDTERMPROJECT\RELEASE\MPGAME\PHYSICS_MONSTER.OBJ
C:\USERS\CJDEL\GAMEMODMIDTERMPROJECT\RELEASE\MPGAME\PHYSICS_PARAMETRIC.OBJ
C:\USERS\CJDEL\GAMEMODMIDTERMPROJECT\RELEASE\MPGAME\PHYSICS_PARTICLE.OBJ
C:\USERS\CJDEL\GAMEMODMIDTERMPROJECT\RELEASE\MPGAME\PHYSICS_PLAYER.OBJ
C:\USERS\CJDEL\GAMEMODMIDTERMPROJECT\RELEASE\MPGAME\PHYSICS_RIGIDBODY.OBJ
C:\USERS\CJDEL\GAMEMODMIDTERMPROJECT\RELEASE\MPGAME\PHYSICS_STATIC.OBJ
C:\USERS\CJDEL\GAMEMODMIDTERMPROJECT\RELEASE\MPGAME\PHYSICS_STATICMULTI.OBJ
C:\USERS\CJDEL\GAMEMODMIDTERMPROJECT\RELEASE\MPGAME\PHYSICS_VEHICLEMONSTER.OBJ
C:\USERS\CJDEL\GAMEMODMIDTERMPROJECT\RELEASE\MPGAME\PLAYBACK.OBJ
C:\USERS\CJDEL\GAMEMODMIDTERMPROJECT\RELEASE\MPGAME\PLAYER.OBJ
C:\USERS\CJDEL\GAMEMODMIDTERMPROJECT\RELEASE\MPGAME\PLAYER_CHEATS.OBJ
C:\USERS\CJDEL\GAMEMODMIDTERMPROJECT\RELEASE\MPGAME\PLAYER_STATES.OBJ
C:\USERS\CJDEL\GAMEMODMIDTERMPROJECT\RELEASE\MPGAME\PLAYERVIEW.OBJ
C:\USERS\CJDEL\GAMEMODMIDTERMPROJECT\RELEASE\MPGAME\PROJECTILE.OBJ
C:\USERS\CJDEL\GAMEMODMIDTERMPROJECT\RELEASE\MPGAME\PUSH.OBJ
C:\USERS\CJDEL\GAMEMODMIDTERMPROJECT\RELEASE\MPGAME\PVS.OBJ
C:\USERS\CJDEL\GAMEMODMIDTERMPROJECT\RELEASE\MPGAME\SAVEGAME.OBJ
C:\USERS\CJDEL\GAMEMODMIDTERMPROJECT\RELEASE\MPGAME\SCRIPT_COMPILER.OBJ
C:\USERS\CJDEL\GAMEMODMIDTERMPROJECT\RELEASE\MPGAME\SCRIPT_INTERPRETER.OBJ
C:\USERS\CJDEL\GAMEMODMIDTERMPROJECT\RELEASE\MPGAME\SCRIPT_PROGRAM.OBJ
C:\USERS\CJDEL\GAMEMODMIDTERMPROJECT\RELEASE\MPGAME\SCRIPT_THREAD.OBJ
C:\USERS\CJDEL\GAMEMODMIDTERMPROJECT\RELEASE\MPGAME\SCRIPTFUNCUTILITY.OBJ
C:\USERS\CJDEL\GAMEMODMIDTERMPROJECT\RELEASE\MPGAME\SECURITYCAMERA.OBJ
C:\USERS\CJDEL\GAMEMODMIDTERMPROJECT\RELEASE\MPGAME\SOUND.OBJ
C:\USERS\CJDEL\GAMEMODMIDTERMPROJECT\RELEASE\MPGAME\SPAWNER.OBJ
C:\USERS\CJDEL\GAMEMODMIDTERMPROJECT\RELEASE\MPGAME\SPLINEMOVER.OBJ
C:\USERS\CJDEL\GAMEMODMIDTERMPROJECT\RELEASE\MPGAME\STATE.OBJ
C:\USERS\CJDEL\GAMEMODMIDTERMPROJECT\RELEASE\MPGAME\STATEVENT.OBJ
C:\USERS\CJDEL\GAMEMODMIDTERMPROJECT\RELEASE\MPGAME\STATMANAGER.OBJ
C:\USERS\CJDEL\GAMEMODMIDTERMPROJECT\RELEASE\MPGAME\STATWINDOW.OBJ
C:\USERS\CJDEL\GAMEMODMIDTERMPROJECT\RELEASE\MPGAME\SYSCMDS.OBJ
C:\USERS\CJDEL\GAMEMODMIDTERMPROJECT\RELEASE\MPGAME\SYSCVAR.OBJ
C:\USERS\CJDEL\GAMEMODMIDTERMPROJECT\RELEASE\MPGAME\TARGET.OBJ
C:\USERS\CJDEL\GAMEMODMIDTERMPROJECT\RELEASE\MPGAME\TOURNEY.OBJ
C:\USERS\CJDEL\GAMEMODMIDTERMPROJECT\RELEASE\MPGAME\TRAMGATE.OBJ
C:\USERS\CJDEL\GAMEMODMIDTERMPROJECT\RELEASE\MPGAME\TRIGGER.OBJ
C:\USERS\CJDEL\GAMEMODMIDTERMPROJECT\RELEASE\MPGAME\VEHICLE.OBJ
C:\USERS\CJDEL\GAMEMODMIDTERMPROJECT\RELEASE\MPGAME\VEHICLE_DROPPOD.OBJ
C:\USERS\CJDEL\GAMEMODMIDTERMPROJECT\RELEASE\MPGAME\VEHICLE_WALKER.OBJ
C:\USERS\CJDEL\GAMEMODMIDTERMPROJECT\RELEASE\MPGAME\VEHICLEAI.OBJ
C:\USERS\CJDEL\GAMEMODMIDTERMPROJECT\RELEASE\MPGAME\VEHICLEANIMATED.OBJ
C:\USERS\CJDEL\GAMEMODMIDTERMPROJECT\RELEASE\MPGAME\VEHICLECONTROLLER.OBJ
C:\USERS\CJDEL\GAMEMODMIDTERMPROJECT\RELEASE\MPGAME\VEHICLEDRIVER.OBJ
C:\USERS\CJDEL\GAMEMODMIDTERMPROJECT\RELEASE\MPGAME\VEHICLEMONSTER.OBJ
C:\USERS\CJDEL\GAMEMODMIDTERMPROJECT\RELEASE\MPGAME\VEHICLEPARTS.OBJ
C:\USERS\CJDEL\GAMEMODMIDTERMPROJECT\RELEASE\MPGAME\VEHICLEPOSITION.OBJ
C:\USERS\CJDEL\GAMEMODMIDTERMPROJECT\RELEASE\MPGAME\VEHICLERIGID.OBJ
C:\USERS\CJDEL\GAMEMODMIDTERMPROJECT\RELEASE\MPGAME\VEHICLESPLINE.OBJ
C:\USERS\CJDEL\GAMEMODMIDTERMPROJECT\RELEASE\MPGAME\VEHICLESTATIC.OBJ
C:\USERS\CJDEL\GAMEMODMIDTERMPROJECT\RELEASE\MPGAME\VOICECOMMS.OBJ
C:\USERS\CJDEL\GAMEMODMIDTERMPROJECT\RELEASE\MPGAME\WEAPON.OBJ
C:\USERS\CJDEL\GAMEMODMIDTERMPROJECT\RELEASE\MPGAME\WEAPONBLASTER.OBJ
C:\USERS\CJDEL\GAMEMODMIDTERMPROJECT\RELEASE\MPGAME\WEAPONDARKMATTERGUN.OBJ
C:\USERS\CJDEL\GAMEMODMIDTERMPROJECT\RELEASE\MPGAME\WEAPONGAUNTLET.OBJ
C:\USERS\CJDEL\GAMEMODMIDTERMPROJECT\RELEASE\MPGAME\WEAPONGRENADELAUNCHER.OBJ
C:\USERS\CJDEL\GAMEMODMIDTERMPROJECT\RELEASE\MPGAME\WEAPONHYPERBLASTER.OBJ
C:\USERS\CJDEL\GAMEMODMIDTERMPROJECT\RELEASE\MPGAME\WEAPONLIGHTNINGGUN.OBJ
C:\USERS\CJDEL\GAMEMODMIDTERMPROJECT\RELEASE\MPGAME\WEAPONMACHINEGUN.OBJ
C:\USERS\CJDEL\GAMEMODMIDTERMPROJECT\RELEASE\MPGAME\WEAPONNAILGUN.OBJ
C:\USERS\CJDEL\GAMEMODMIDTERMPROJECT\RELEASE\MPGAME\WEAPONNAPALMGUN.OBJ
C:\USERS\CJDEL\GAMEMODMIDTERMPROJECT\RELEASE\MPGAME\WEAPONRAILGUN.OBJ
C:\USERS\CJDEL\GAMEMODMIDTERMPROJECT\RELEASE\MPGAME\WEAPONROCKETLAUNCHER.OBJ
C:\USERS\CJDEL\GAMEMODMIDTERMPROJECT\RELEASE\MPGAME\WEAPONSHOTGUN.OBJ
C:\USERS\CJDEL\GAMEMODMIDTERMPROJECT\RELEASE\MPGAME\WORLDSPAWN.OBJ
C:\USERS\CJDEL\GAMEMODMIDTERMPROJECT\RELEASE\MPGAMEX86.MAP
C:\USERS\CJDEL\GAMEMODMIDTERMPROJECT\RELEASE\MPGAMEX86.PDB
C:\USERS\CJDEL\GAMEMODMIDTERMPROJECT\RELEASE\SPGAMEX86.DLL
